<?xml version="1.0" encoding="UTF-8"?>
<TestRun id="020a5a15-32b8-4c34-8cf9-82a46b540ff6" name="Danial@DANIAL-ASUS 2015-02-10 21:56:18" runUser="DANIAL-ASUS\Danial" xmlns="http://microsoft.com/schemas/VisualStudio/TeamTest/2010">
  <TestSettings name="Local" id="f4099e50-5f7e-4d66-893f-f079ed6f6c67">
    <Description>These are default test settings for a local test run.</Description>
    <Deployment enabled="false" runDeploymentRoot="Danial_DANIAL-ASUS 2015-02-10 21_56_18">
      <DeploymentItem filename="C:\Users\Danial\Documents\GitHub\RPG\Assemblies\RPG.RollDice.dll" />
      <DeploymentItem filename="C:\Users\Danial\Documents\GitHub\RPG\Assemblies\RPG.exe" />
      <DeploymentItem filename="C:\Users\Danial\Documents\GitHub\RPG\Assemblies\RPG.Character.dll" />
      <DeploymentItem filename="C:\Users\Danial\Documents\GitHub\RPG\Assemblies\RPG.General.dll" />
    </Deployment>
    <Execution>
      <TestTypeSpecific />
      <AgentRule name="Execution Agents">
      </AgentRule>
    </Execution>
  </TestSettings>
  <Times creation="2015-02-10T21:56:18.4442967-06:00" queuing="2015-02-10T21:56:18.5323555-06:00" start="2015-02-10T21:56:18.5673792-06:00" finish="2015-02-10T21:56:19.2353824-06:00" />
  <ResultSummary outcome="Completed">
    <Counters total="1" executed="1" passed="1" error="0" failed="0" timeout="0" aborted="0" inconclusive="0" passedButRunAborted="0" notRunnable="0" notExecuted="0" disconnected="0" warning="0" completed="0" inProgress="0" pending="0" />
  </ResultSummary>
  <TestDefinitions>
    <UnitTest name="AttackTest1" storage="c:\users\danial\documents\github\rpg\assemblies\rpgtest.dll" id="2581813b-02fa-0f29-2fcc-656081a5e646">
      <Execution id="e7a4aa74-9f8b-4513-869a-3e3ead0c38e7" />
      <TestMethod codeBase="C:/Users/Danial/Documents/GitHub/RPG/Assemblies/RPGTest.DLL" adapterTypeName="Microsoft.VisualStudio.TestTools.TestTypes.Unit.UnitTestAdapter, Microsoft.VisualStudio.QualityTools.Tips.UnitTest.Adapter, Version=10.0.0.0, Culture=neutral, PublicKeyToken=b03f5f7f11d50a3a" className="RPGTest.AttackTest, RPGTest, Version=1.0.0.0, Culture=neutral, PublicKeyToken=null" name="AttackTest1" />
    </UnitTest>
  </TestDefinitions>
  <TestLists>
    <TestList name="Results Not in a List" id="8c84fa94-04c1-424b-9868-57a2d4851a1d" />
    <TestList name="All Loaded Results" id="19431567-8539-422a-85d7-44ee4e166bda" />
  </TestLists>
  <TestEntries>
    <TestEntry testId="2581813b-02fa-0f29-2fcc-656081a5e646" executionId="e7a4aa74-9f8b-4513-869a-3e3ead0c38e7" testListId="8c84fa94-04c1-424b-9868-57a2d4851a1d" />
  </TestEntries>
  <Results>
    <UnitTestResult executionId="e7a4aa74-9f8b-4513-869a-3e3ead0c38e7" testId="2581813b-02fa-0f29-2fcc-656081a5e646" testName="AttackTest1" computerName="DANIAL-ASUS" duration="00:00:00.0631067" startTime="2015-02-10T21:56:18.5733839-06:00" endTime="2015-02-10T21:56:19.2063633-06:00" testType="13cdc9d9-ddb5-4fa4-a97d-d965ccfc6d4b" outcome="Passed" testListId="8c84fa94-04c1-424b-9868-57a2d4851a1d" relativeResultsDirectory="e7a4aa74-9f8b-4513-869a-3e3ead0c38e7">
    </UnitTestResult>
  </Results>
</TestRun>