<?xml version="1.0" encoding="UTF-8"?>
<TestRun id="e36ba49d-cc12-4af7-acc7-f2a3a6bc8647" name="Danial@DANIAL-ASUS 2014-06-30 14:04:34" runUser="DANIAL-ASUS\Danial" xmlns="http://microsoft.com/schemas/VisualStudio/TeamTest/2010">
  <TestSettings name="Local" id="f4099e50-5f7e-4d66-893f-f079ed6f6c67">
    <Description>These are default test settings for a local test run.</Description>
    <Deployment enabled="false" runDeploymentRoot="Danial_DANIAL-ASUS 2014-06-30 14_04_34">
      <DeploymentItem filename="C:\Users\Danial\Documents\GitHub\RPG\RPG\bin\Debug\RPG.dll" />
    </Deployment>
    <Execution>
      <TestTypeSpecific />
      <AgentRule name="Execution Agents">
      </AgentRule>
    </Execution>
  </TestSettings>
  <Times creation="2014-06-30T14:04:34.4940181-05:00" queuing="2014-06-30T14:04:34.5250385-05:00" start="2014-06-30T14:04:34.5550592-05:00" finish="2014-06-30T14:04:35.4336442-05:00" />
  <ResultSummary outcome="Failed">
    <Counters total="19" executed="19" passed="8" error="0" failed="6" timeout="0" aborted="0" inconclusive="5" passedButRunAborted="0" notRunnable="0" notExecuted="0" disconnected="0" warning="0" completed="0" inProgress="0" pending="0" />
  </ResultSummary>
  <TestDefinitions>
    <UnitTest name="DieConstructorTest1" storage="c:\users\danial\documents\github\rpg\rpgtest\bin\debug\rpgtest.dll" id="c99d32b0-3647-8020-20e0-20dc007a0a3d">
      <Execution id="4ecd9a59-cf5e-4950-9650-fd95966d3704" />
      <TestMethod codeBase="C:/Users/Danial/Documents/GitHub/RPG/RPGTest/bin/Debug/RPGTest.DLL" adapterTypeName="Microsoft.VisualStudio.TestTools.TestTypes.Unit.UnitTestAdapter, Microsoft.VisualStudio.QualityTools.Tips.UnitTest.Adapter, Version=10.0.0.0, Culture=neutral, PublicKeyToken=b03f5f7f11d50a3a" className="RPGTest.DieTest, RPGTest, Version=1.0.0.0, Culture=neutral, PublicKeyToken=null" name="DieConstructorTest1" />
    </UnitTest>
    <UnitTest name="RollTest" storage="c:\users\danial\documents\github\rpg\rpgtest\bin\debug\rpgtest.dll" id="707e507e-fd17-e1bf-275c-0ded5128e2a2">
      <Execution id="16effd78-4cb2-42fb-ac54-b3440f72210f" />
      <TestMethod codeBase="C:/Users/Danial/Documents/GitHub/RPG/RPGTest/bin/Debug/RPGTest.DLL" adapterTypeName="Microsoft.VisualStudio.TestTools.TestTypes.Unit.UnitTestAdapter, Microsoft.VisualStudio.QualityTools.Tips.UnitTest.Adapter, Version=10.0.0.0, Culture=neutral, PublicKeyToken=b03f5f7f11d50a3a" className="RPGTest.DieTest, RPGTest, Version=1.0.0.0, Culture=neutral, PublicKeyToken=null" name="RollTest" />
    </UnitTest>
    <UnitTest name="NumSidesTest" storage="c:\users\danial\documents\github\rpg\rpgtest\bin\debug\rpgtest.dll" id="f3f8ffc8-003c-074d-44e6-5c097cb3d7bc">
      <Execution id="2227a2d5-6342-40e3-b8ac-2b490c56137c" />
      <TestMethod codeBase="C:/Users/Danial/Documents/GitHub/RPG/RPGTest/bin/Debug/RPGTest.DLL" adapterTypeName="Microsoft.VisualStudio.TestTools.TestTypes.Unit.UnitTestAdapter, Microsoft.VisualStudio.QualityTools.Tips.UnitTest.Adapter, Version=10.0.0.0, Culture=neutral, PublicKeyToken=b03f5f7f11d50a3a" className="RPGTest.DiceTest, RPGTest, Version=1.0.0.0, Culture=neutral, PublicKeyToken=null" name="NumSidesTest" />
    </UnitTest>
    <UnitTest name="DieConstructorTest" storage="c:\users\danial\documents\github\rpg\rpgtest\bin\debug\rpgtest.dll" id="f2b0ebc9-92d7-aa3a-55b5-8f79c09df496">
      <Execution id="9e615a97-fcd4-4cd8-8ddd-bd352105ca93" />
      <TestMethod codeBase="C:/Users/Danial/Documents/GitHub/RPG/RPGTest/bin/Debug/RPGTest.DLL" adapterTypeName="Microsoft.VisualStudio.TestTools.TestTypes.Unit.UnitTestAdapter, Microsoft.VisualStudio.QualityTools.Tips.UnitTest.Adapter, Version=10.0.0.0, Culture=neutral, PublicKeyToken=b03f5f7f11d50a3a" className="RPGTest.DieTest, RPGTest, Version=1.0.0.0, Culture=neutral, PublicKeyToken=null" name="DieConstructorTest" />
    </UnitTest>
    <UnitTest name="DiceConstructorTest3" storage="c:\users\danial\documents\github\rpg\rpgtest\bin\debug\rpgtest.dll" id="8e516a36-7993-7368-0649-ac0be19c1bd3">
      <Execution id="efa16e8c-0b8e-4c1e-b488-4a540c69fd55" />
      <TestMethod codeBase="C:/Users/Danial/Documents/GitHub/RPG/RPGTest/bin/Debug/RPGTest.DLL" adapterTypeName="Microsoft.VisualStudio.TestTools.TestTypes.Unit.UnitTestAdapter, Microsoft.VisualStudio.QualityTools.Tips.UnitTest.Adapter, Version=10.0.0.0, Culture=neutral, PublicKeyToken=b03f5f7f11d50a3a" className="RPGTest.DiceTest, RPGTest, Version=1.0.0.0, Culture=neutral, PublicKeyToken=null" name="DiceConstructorTest3" />
    </UnitTest>
    <UnitTest name="DieConstructorTest2" storage="c:\users\danial\documents\github\rpg\rpgtest\bin\debug\rpgtest.dll" id="7661689c-fe03-c204-4cfe-4afc2a83792a">
      <Execution id="d593ff0d-4bee-4dd8-860b-27e6ed82d9eb" />
      <TestMethod codeBase="C:/Users/Danial/Documents/GitHub/RPG/RPGTest/bin/Debug/RPGTest.DLL" adapterTypeName="Microsoft.VisualStudio.TestTools.TestTypes.Unit.UnitTestAdapter, Microsoft.VisualStudio.QualityTools.Tips.UnitTest.Adapter, Version=10.0.0.0, Culture=neutral, PublicKeyToken=b03f5f7f11d50a3a" className="RPGTest.DieTest, RPGTest, Version=1.0.0.0, Culture=neutral, PublicKeyToken=null" name="DieConstructorTest2" />
    </UnitTest>
    <UnitTest name="DiceConstructorTest2" storage="c:\users\danial\documents\github\rpg\rpgtest\bin\debug\rpgtest.dll" id="e822823c-0d4e-eb0c-1ce0-ea3eceb72f5a">
      <DeploymentItems>
        <DeploymentItem filename="RPG.dll" />
      </DeploymentItems>
      <Execution id="47d15be5-fd46-4e6d-b4bf-b25a6bdff4da" />
      <TestMethod codeBase="C:/Users/Danial/Documents/GitHub/RPG/RPGTest/bin/Debug/RPGTest.DLL" adapterTypeName="Microsoft.VisualStudio.TestTools.TestTypes.Unit.UnitTestAdapter, Microsoft.VisualStudio.QualityTools.Tips.UnitTest.Adapter, Version=10.0.0.0, Culture=neutral, PublicKeyToken=b03f5f7f11d50a3a" className="RPGTest.DiceTest, RPGTest, Version=1.0.0.0, Culture=neutral, PublicKeyToken=null" name="DiceConstructorTest2" />
    </UnitTest>
    <UnitTest name="GetDiceTest" storage="c:\users\danial\documents\github\rpg\rpgtest\bin\debug\rpgtest.dll" id="279a8e85-ddf8-7665-200f-f4f87a4989c9">
      <Execution id="a21d6f9f-6a64-4d1d-8bf9-7c73be92d58e" />
      <TestMethod codeBase="C:/Users/Danial/Documents/GitHub/RPG/RPGTest/bin/Debug/RPGTest.DLL" adapterTypeName="Microsoft.VisualStudio.TestTools.TestTypes.Unit.UnitTestAdapter, Microsoft.VisualStudio.QualityTools.Tips.UnitTest.Adapter, Version=10.0.0.0, Culture=neutral, PublicKeyToken=b03f5f7f11d50a3a" className="RPGTest.DiceTest, RPGTest, Version=1.0.0.0, Culture=neutral, PublicKeyToken=null" name="GetDiceTest" />
    </UnitTest>
    <UnitTest name="RollTest2" storage="c:\users\danial\documents\github\rpg\rpgtest\bin\debug\rpgtest.dll" id="a67aff4f-47d5-debc-6f01-50eccafb381c">
      <DeploymentItems>
        <DeploymentItem filename="RPG.dll" />
      </DeploymentItems>
      <Execution id="5270096a-ff8b-492c-ba68-773a946b1f80" />
      <TestMethod codeBase="C:/Users/Danial/Documents/GitHub/RPG/RPGTest/bin/Debug/RPGTest.DLL" adapterTypeName="Microsoft.VisualStudio.TestTools.TestTypes.Unit.UnitTestAdapter, Microsoft.VisualStudio.QualityTools.Tips.UnitTest.Adapter, Version=10.0.0.0, Culture=neutral, PublicKeyToken=b03f5f7f11d50a3a" className="RPGTest.DiceTest, RPGTest, Version=1.0.0.0, Culture=neutral, PublicKeyToken=null" name="RollTest2" />
    </UnitTest>
    <UnitTest name="DieConstructorTest3" storage="c:\users\danial\documents\github\rpg\rpgtest\bin\debug\rpgtest.dll" id="5e2f99bf-6173-f3d5-7908-a1ec35576af6">
      <Execution id="fa8e75a5-5af0-4c3c-b4b9-a2b3e27d3bbe" />
      <TestMethod codeBase="C:/Users/Danial/Documents/GitHub/RPG/RPGTest/bin/Debug/RPGTest.DLL" adapterTypeName="Microsoft.VisualStudio.TestTools.TestTypes.Unit.UnitTestAdapter, Microsoft.VisualStudio.QualityTools.Tips.UnitTest.Adapter, Version=10.0.0.0, Culture=neutral, PublicKeyToken=b03f5f7f11d50a3a" className="RPGTest.DieTest, RPGTest, Version=1.0.0.0, Culture=neutral, PublicKeyToken=null" name="DieConstructorTest3" />
    </UnitTest>
    <UnitTest name="RollTest" storage="c:\users\danial\documents\github\rpg\rpgtest\bin\debug\rpgtest.dll" id="b5f319a9-9522-292d-c395-ab0eb954be76">
      <DeploymentItems>
        <DeploymentItem filename="RPG.dll" />
      </DeploymentItems>
      <Execution id="f1acab20-2d99-4bbd-868d-fbfe19009da4" />
      <TestMethod codeBase="C:/Users/Danial/Documents/GitHub/RPG/RPGTest/bin/Debug/RPGTest.DLL" adapterTypeName="Microsoft.VisualStudio.TestTools.TestTypes.Unit.UnitTestAdapter, Microsoft.VisualStudio.QualityTools.Tips.UnitTest.Adapter, Version=10.0.0.0, Culture=neutral, PublicKeyToken=b03f5f7f11d50a3a" className="RPGTest.DiceTest, RPGTest, Version=1.0.0.0, Culture=neutral, PublicKeyToken=null" name="RollTest" />
    </UnitTest>
    <UnitTest name="DiceConstructorTest5" storage="c:\users\danial\documents\github\rpg\rpgtest\bin\debug\rpgtest.dll" id="46bdb157-0cf5-68df-2809-ea8404cab73f">
      <Execution id="1945d59f-f4e7-4af4-aed9-36b6363db284" />
      <TestMethod codeBase="C:/Users/Danial/Documents/GitHub/RPG/RPGTest/bin/Debug/RPGTest.DLL" adapterTypeName="Microsoft.VisualStudio.TestTools.TestTypes.Unit.UnitTestAdapter, Microsoft.VisualStudio.QualityTools.Tips.UnitTest.Adapter, Version=10.0.0.0, Culture=neutral, PublicKeyToken=b03f5f7f11d50a3a" className="RPGTest.DiceTest, RPGTest, Version=1.0.0.0, Culture=neutral, PublicKeyToken=null" name="DiceConstructorTest5" />
    </UnitTest>
    <UnitTest name="DiceConstructorTest4" storage="c:\users\danial\documents\github\rpg\rpgtest\bin\debug\rpgtest.dll" id="a1b616b6-2d78-84d3-5dde-e5dc6ca8b39b">
      <Execution id="8f184d9f-7790-4ca1-8583-9b7aa6437947" />
      <TestMethod codeBase="C:/Users/Danial/Documents/GitHub/RPG/RPGTest/bin/Debug/RPGTest.DLL" adapterTypeName="Microsoft.VisualStudio.TestTools.TestTypes.Unit.UnitTestAdapter, Microsoft.VisualStudio.QualityTools.Tips.UnitTest.Adapter, Version=10.0.0.0, Culture=neutral, PublicKeyToken=b03f5f7f11d50a3a" className="RPGTest.DiceTest, RPGTest, Version=1.0.0.0, Culture=neutral, PublicKeyToken=null" name="DiceConstructorTest4" />
    </UnitTest>
    <UnitTest name="DiceConstructorTest" storage="c:\users\danial\documents\github\rpg\rpgtest\bin\debug\rpgtest.dll" id="91c5983c-c12f-13b1-8ea7-bada96465f14">
      <DeploymentItems>
        <DeploymentItem filename="RPG.dll" />
      </DeploymentItems>
      <Execution id="b8176e70-e959-4e32-bb46-14e69446faf6" />
      <TestMethod codeBase="C:/Users/Danial/Documents/GitHub/RPG/RPGTest/bin/Debug/RPGTest.DLL" adapterTypeName="Microsoft.VisualStudio.TestTools.TestTypes.Unit.UnitTestAdapter, Microsoft.VisualStudio.QualityTools.Tips.UnitTest.Adapter, Version=10.0.0.0, Culture=neutral, PublicKeyToken=b03f5f7f11d50a3a" className="RPGTest.DiceTest, RPGTest, Version=1.0.0.0, Culture=neutral, PublicKeyToken=null" name="DiceConstructorTest" />
    </UnitTest>
    <UnitTest name="RollTest1" storage="c:\users\danial\documents\github\rpg\rpgtest\bin\debug\rpgtest.dll" id="e6b71b74-9268-c550-444c-609334efcedc">
      <Execution id="537f2341-648b-4505-8679-0bb5efb9a6ef" />
      <TestMethod codeBase="C:/Users/Danial/Documents/GitHub/RPG/RPGTest/bin/Debug/RPGTest.DLL" adapterTypeName="Microsoft.VisualStudio.TestTools.TestTypes.Unit.UnitTestAdapter, Microsoft.VisualStudio.QualityTools.Tips.UnitTest.Adapter, Version=10.0.0.0, Culture=neutral, PublicKeyToken=b03f5f7f11d50a3a" className="RPGTest.DieTest, RPGTest, Version=1.0.0.0, Culture=neutral, PublicKeyToken=null" name="RollTest1" />
    </UnitTest>
    <UnitTest name="NumSidesTest" storage="c:\users\danial\documents\github\rpg\rpgtest\bin\debug\rpgtest.dll" id="b1cc14e4-6e4b-2742-55fe-6ed71bc67fdf">
      <Execution id="f3ac25bd-273b-46ef-906c-ab1877e1b041" />
      <TestMethod codeBase="C:/Users/Danial/Documents/GitHub/RPG/RPGTest/bin/Debug/RPGTest.DLL" adapterTypeName="Microsoft.VisualStudio.TestTools.TestTypes.Unit.UnitTestAdapter, Microsoft.VisualStudio.QualityTools.Tips.UnitTest.Adapter, Version=10.0.0.0, Culture=neutral, PublicKeyToken=b03f5f7f11d50a3a" className="RPGTest.DieTest, RPGTest, Version=1.0.0.0, Culture=neutral, PublicKeyToken=null" name="NumSidesTest" />
    </UnitTest>
    <UnitTest name="NumDiceTest" storage="c:\users\danial\documents\github\rpg\rpgtest\bin\debug\rpgtest.dll" id="e7206d31-a737-b5ed-efd9-5d8d311af7d4">
      <Execution id="9ffb35e3-3cf4-408f-8c77-8f373bdeaa8f" />
      <TestMethod codeBase="C:/Users/Danial/Documents/GitHub/RPG/RPGTest/bin/Debug/RPGTest.DLL" adapterTypeName="Microsoft.VisualStudio.TestTools.TestTypes.Unit.UnitTestAdapter, Microsoft.VisualStudio.QualityTools.Tips.UnitTest.Adapter, Version=10.0.0.0, Culture=neutral, PublicKeyToken=b03f5f7f11d50a3a" className="RPGTest.DiceTest, RPGTest, Version=1.0.0.0, Culture=neutral, PublicKeyToken=null" name="NumDiceTest" />
    </UnitTest>
    <UnitTest name="DiceConstructorTest1" storage="c:\users\danial\documents\github\rpg\rpgtest\bin\debug\rpgtest.dll" id="3f10c7b7-a313-9cdb-617b-f6b9bb94928e">
      <DeploymentItems>
        <DeploymentItem filename="RPG.dll" />
      </DeploymentItems>
      <Execution id="9e5020d3-9e53-4649-98c4-f6ef2d6938fe" />
      <TestMethod codeBase="C:/Users/Danial/Documents/GitHub/RPG/RPGTest/bin/Debug/RPGTest.DLL" adapterTypeName="Microsoft.VisualStudio.TestTools.TestTypes.Unit.UnitTestAdapter, Microsoft.VisualStudio.QualityTools.Tips.UnitTest.Adapter, Version=10.0.0.0, Culture=neutral, PublicKeyToken=b03f5f7f11d50a3a" className="RPGTest.DiceTest, RPGTest, Version=1.0.0.0, Culture=neutral, PublicKeyToken=null" name="DiceConstructorTest1" />
    </UnitTest>
    <UnitTest name="RollTest1" storage="c:\users\danial\documents\github\rpg\rpgtest\bin\debug\rpgtest.dll" id="232545f4-730d-5cdd-4ed2-08670c06aece">
      <Execution id="9badcad8-f308-418e-bc15-68728b585324" />
      <TestMethod codeBase="C:/Users/Danial/Documents/GitHub/RPG/RPGTest/bin/Debug/RPGTest.DLL" adapterTypeName="Microsoft.VisualStudio.TestTools.TestTypes.Unit.UnitTestAdapter, Microsoft.VisualStudio.QualityTools.Tips.UnitTest.Adapter, Version=10.0.0.0, Culture=neutral, PublicKeyToken=b03f5f7f11d50a3a" className="RPGTest.DiceTest, RPGTest, Version=1.0.0.0, Culture=neutral, PublicKeyToken=null" name="RollTest1" />
    </UnitTest>
  </TestDefinitions>
  <TestLists>
    <TestList name="Results Not in a List" id="8c84fa94-04c1-424b-9868-57a2d4851a1d" />
    <TestList name="All Loaded Results" id="19431567-8539-422a-85d7-44ee4e166bda" />
  </TestLists>
  <TestEntries>
    <TestEntry testId="232545f4-730d-5cdd-4ed2-08670c06aece" executionId="9badcad8-f308-418e-bc15-68728b585324" testListId="8c84fa94-04c1-424b-9868-57a2d4851a1d" />
    <TestEntry testId="279a8e85-ddf8-7665-200f-f4f87a4989c9" executionId="a21d6f9f-6a64-4d1d-8bf9-7c73be92d58e" testListId="8c84fa94-04c1-424b-9868-57a2d4851a1d" />
    <TestEntry testId="3f10c7b7-a313-9cdb-617b-f6b9bb94928e" executionId="9e5020d3-9e53-4649-98c4-f6ef2d6938fe" testListId="8c84fa94-04c1-424b-9868-57a2d4851a1d" />
    <TestEntry testId="46bdb157-0cf5-68df-2809-ea8404cab73f" executionId="1945d59f-f4e7-4af4-aed9-36b6363db284" testListId="8c84fa94-04c1-424b-9868-57a2d4851a1d" />
    <TestEntry testId="5e2f99bf-6173-f3d5-7908-a1ec35576af6" executionId="fa8e75a5-5af0-4c3c-b4b9-a2b3e27d3bbe" testListId="8c84fa94-04c1-424b-9868-57a2d4851a1d" />
    <TestEntry testId="707e507e-fd17-e1bf-275c-0ded5128e2a2" executionId="16effd78-4cb2-42fb-ac54-b3440f72210f" testListId="8c84fa94-04c1-424b-9868-57a2d4851a1d" />
    <TestEntry testId="7661689c-fe03-c204-4cfe-4afc2a83792a" executionId="d593ff0d-4bee-4dd8-860b-27e6ed82d9eb" testListId="8c84fa94-04c1-424b-9868-57a2d4851a1d" />
    <TestEntry testId="8e516a36-7993-7368-0649-ac0be19c1bd3" executionId="efa16e8c-0b8e-4c1e-b488-4a540c69fd55" testListId="8c84fa94-04c1-424b-9868-57a2d4851a1d" />
    <TestEntry testId="91c5983c-c12f-13b1-8ea7-bada96465f14" executionId="b8176e70-e959-4e32-bb46-14e69446faf6" testListId="8c84fa94-04c1-424b-9868-57a2d4851a1d" />
    <TestEntry testId="a1b616b6-2d78-84d3-5dde-e5dc6ca8b39b" executionId="8f184d9f-7790-4ca1-8583-9b7aa6437947" testListId="8c84fa94-04c1-424b-9868-57a2d4851a1d" />
    <TestEntry testId="a67aff4f-47d5-debc-6f01-50eccafb381c" executionId="5270096a-ff8b-492c-ba68-773a946b1f80" testListId="8c84fa94-04c1-424b-9868-57a2d4851a1d" />
    <TestEntry testId="b1cc14e4-6e4b-2742-55fe-6ed71bc67fdf" executionId="f3ac25bd-273b-46ef-906c-ab1877e1b041" testListId="8c84fa94-04c1-424b-9868-57a2d4851a1d" />
    <TestEntry testId="b5f319a9-9522-292d-c395-ab0eb954be76" executionId="f1acab20-2d99-4bbd-868d-fbfe19009da4" testListId="8c84fa94-04c1-424b-9868-57a2d4851a1d" />
    <TestEntry testId="c99d32b0-3647-8020-20e0-20dc007a0a3d" executionId="4ecd9a59-cf5e-4950-9650-fd95966d3704" testListId="8c84fa94-04c1-424b-9868-57a2d4851a1d" />
    <TestEntry testId="e6b71b74-9268-c550-444c-609334efcedc" executionId="537f2341-648b-4505-8679-0bb5efb9a6ef" testListId="8c84fa94-04c1-424b-9868-57a2d4851a1d" />
    <TestEntry testId="e7206d31-a737-b5ed-efd9-5d8d311af7d4" executionId="9ffb35e3-3cf4-408f-8c77-8f373bdeaa8f" testListId="8c84fa94-04c1-424b-9868-57a2d4851a1d" />
    <TestEntry testId="e822823c-0d4e-eb0c-1ce0-ea3eceb72f5a" executionId="47d15be5-fd46-4e6d-b4bf-b25a6bdff4da" testListId="8c84fa94-04c1-424b-9868-57a2d4851a1d" />
    <TestEntry testId="f2b0ebc9-92d7-aa3a-55b5-8f79c09df496" executionId="9e615a97-fcd4-4cd8-8ddd-bd352105ca93" testListId="8c84fa94-04c1-424b-9868-57a2d4851a1d" />
    <TestEntry testId="f3f8ffc8-003c-074d-44e6-5c097cb3d7bc" executionId="2227a2d5-6342-40e3-b8ac-2b490c56137c" testListId="8c84fa94-04c1-424b-9868-57a2d4851a1d" />
  </TestEntries>
  <Results>
    <UnitTestResult executionId="9badcad8-f308-418e-bc15-68728b585324" testId="232545f4-730d-5cdd-4ed2-08670c06aece" testName="RollTest1" computerName="DANIAL-ASUS" duration="00:00:00.0759152" startTime="2014-06-30T14:04:34.5690678-05:00" endTime="2014-06-30T14:04:35.0373807-05:00" testType="13cdc9d9-ddb5-4fa4-a97d-d965ccfc6d4b" outcome="Failed" testListId="8c84fa94-04c1-424b-9868-57a2d4851a1d" relativeResultsDirectory="9badcad8-f308-418e-bc15-68728b585324">
      <Output>
        <ErrorInfo>
          <Message>Assert.AreEqual failed. Expected:&lt;0&gt;. Actual:&lt;11&gt;. </Message>
          <StackTrace>   at RPGTest.DiceTest.RollTest1() in C:\Users\Danial\Documents\GitHub\RPG\RPGTest\DiceTest.cs:line 221
</StackTrace>
        </ErrorInfo>
      </Output>
    </UnitTestResult>
    <UnitTestResult executionId="a21d6f9f-6a64-4d1d-8bf9-7c73be92d58e" testId="279a8e85-ddf8-7665-200f-f4f87a4989c9" testName="GetDiceTest" computerName="DANIAL-ASUS" duration="00:00:00.0083091" startTime="2014-06-30T14:04:35.0473867-05:00" endTime="2014-06-30T14:04:35.0653987-05:00" testType="13cdc9d9-ddb5-4fa4-a97d-d965ccfc6d4b" outcome="Failed" testListId="8c84fa94-04c1-424b-9868-57a2d4851a1d" relativeResultsDirectory="a21d6f9f-6a64-4d1d-8bf9-7c73be92d58e">
      <Output>
        <ErrorInfo>
          <Message>Assert.AreEqual failed. Expected:&lt;(null)&gt;. Actual:&lt;System.Collections.Generic.List`1[RPG.Die]&gt;. </Message>
          <StackTrace>   at RPGTest.DiceTest.GetDiceTest() in C:\Users\Danial\Documents\GitHub\RPG\RPGTest\DiceTest.cs:line 179
</StackTrace>
        </ErrorInfo>
      </Output>
    </UnitTestResult>
    <UnitTestResult executionId="9e5020d3-9e53-4649-98c4-f6ef2d6938fe" testId="3f10c7b7-a313-9cdb-617b-f6b9bb94928e" testName="DiceConstructorTest1" computerName="DANIAL-ASUS" duration="00:00:00.0029284" startTime="2014-06-30T14:04:35.0734041-05:00" endTime="2014-06-30T14:04:35.0894154-05:00" testType="13cdc9d9-ddb5-4fa4-a97d-d965ccfc6d4b" outcome="Passed" testListId="8c84fa94-04c1-424b-9868-57a2d4851a1d" relativeResultsDirectory="9e5020d3-9e53-4649-98c4-f6ef2d6938fe">
    </UnitTestResult>
    <UnitTestResult executionId="1945d59f-f4e7-4af4-aed9-36b6363db284" testId="46bdb157-0cf5-68df-2809-ea8404cab73f" testName="DiceConstructorTest5" computerName="DANIAL-ASUS" duration="00:00:00.0016058" startTime="2014-06-30T14:04:35.0924171-05:00" endTime="2014-06-30T14:04:35.1034241-05:00" testType="13cdc9d9-ddb5-4fa4-a97d-d965ccfc6d4b" outcome="Inconclusive" testListId="8c84fa94-04c1-424b-9868-57a2d4851a1d" relativeResultsDirectory="1945d59f-f4e7-4af4-aed9-36b6363db284">
      <Output>
        <ErrorInfo>
          <Message>Assert.Inconclusive failed. TODO: Implement code to verify target</Message>
          <StackTrace>   at RPGTest.DiceTest.DiceConstructorTest5() in C:\Users\Danial\Documents\GitHub\RPG\RPGTest\DiceTest.cs:line 166
</StackTrace>
        </ErrorInfo>
      </Output>
    </UnitTestResult>
    <UnitTestResult executionId="fa8e75a5-5af0-4c3c-b4b9-a2b3e27d3bbe" testId="5e2f99bf-6173-f3d5-7908-a1ec35576af6" testName="DieConstructorTest3" computerName="DANIAL-ASUS" duration="00:00:00.0043420" startTime="2014-06-30T14:04:35.1084277-05:00" endTime="2014-06-30T14:04:35.1304417-05:00" testType="13cdc9d9-ddb5-4fa4-a97d-d965ccfc6d4b" outcome="Inconclusive" testListId="8c84fa94-04c1-424b-9868-57a2d4851a1d" relativeResultsDirectory="fa8e75a5-5af0-4c3c-b4b9-a2b3e27d3bbe">
      <Output>
        <ErrorInfo>
          <Message>Assert.Inconclusive failed. TODO: Implement code to verify target</Message>
          <StackTrace>   at RPGTest.DieTest.DieConstructorTest3() in C:\Users\Danial\Documents\GitHub\RPG\RPGTest\DieTest.cs:line 119
</StackTrace>
        </ErrorInfo>
      </Output>
    </UnitTestResult>
    <UnitTestResult executionId="16effd78-4cb2-42fb-ac54-b3440f72210f" testId="707e507e-fd17-e1bf-275c-0ded5128e2a2" testName="RollTest" computerName="DANIAL-ASUS" duration="00:00:00.0005350" startTime="2014-06-30T14:04:35.1334441-05:00" endTime="2014-06-30T14:04:35.1534574-05:00" testType="13cdc9d9-ddb5-4fa4-a97d-d965ccfc6d4b" outcome="Passed" testListId="8c84fa94-04c1-424b-9868-57a2d4851a1d" relativeResultsDirectory="16effd78-4cb2-42fb-ac54-b3440f72210f">
    </UnitTestResult>
    <UnitTestResult executionId="d593ff0d-4bee-4dd8-860b-27e6ed82d9eb" testId="7661689c-fe03-c204-4cfe-4afc2a83792a" testName="DieConstructorTest2" computerName="DANIAL-ASUS" duration="00:00:00.0050207" startTime="2014-06-30T14:04:35.1614641-05:00" endTime="2014-06-30T14:04:35.1784744-05:00" testType="13cdc9d9-ddb5-4fa4-a97d-d965ccfc6d4b" outcome="Inconclusive" testListId="8c84fa94-04c1-424b-9868-57a2d4851a1d" relativeResultsDirectory="d593ff0d-4bee-4dd8-860b-27e6ed82d9eb">
      <Output>
        <ErrorInfo>
          <Message>Assert.Inconclusive failed. TODO: Implement code to verify target</Message>
          <StackTrace>   at RPGTest.DieTest.DieConstructorTest2() in C:\Users\Danial\Documents\GitHub\RPG\RPGTest\DieTest.cs:line 109
</StackTrace>
        </ErrorInfo>
      </Output>
    </UnitTestResult>
    <UnitTestResult executionId="efa16e8c-0b8e-4c1e-b488-4a540c69fd55" testId="8e516a36-7993-7368-0649-ac0be19c1bd3" testName="DiceConstructorTest3" computerName="DANIAL-ASUS" duration="00:00:00.0038685" startTime="2014-06-30T14:04:35.1824771-05:00" endTime="2014-06-30T14:04:35.2024905-05:00" testType="13cdc9d9-ddb5-4fa4-a97d-d965ccfc6d4b" outcome="Inconclusive" testListId="8c84fa94-04c1-424b-9868-57a2d4851a1d" relativeResultsDirectory="efa16e8c-0b8e-4c1e-b488-4a540c69fd55">
      <Output>
        <ErrorInfo>
          <Message>Assert.Inconclusive failed. TODO: Implement code to verify target</Message>
          <StackTrace>   at RPGTest.DiceTest.DiceConstructorTest3() in C:\Users\Danial\Documents\GitHub\RPG\RPGTest\DiceTest.cs:line 145
</StackTrace>
        </ErrorInfo>
      </Output>
    </UnitTestResult>
    <UnitTestResult executionId="b8176e70-e959-4e32-bb46-14e69446faf6" testId="91c5983c-c12f-13b1-8ea7-bada96465f14" testName="DiceConstructorTest" computerName="DANIAL-ASUS" duration="00:00:00.0027081" startTime="2014-06-30T14:04:35.2044918-05:00" endTime="2014-06-30T14:04:35.2205018-05:00" testType="13cdc9d9-ddb5-4fa4-a97d-d965ccfc6d4b" outcome="Passed" testListId="8c84fa94-04c1-424b-9868-57a2d4851a1d" relativeResultsDirectory="b8176e70-e959-4e32-bb46-14e69446faf6">
    </UnitTestResult>
    <UnitTestResult executionId="8f184d9f-7790-4ca1-8583-9b7aa6437947" testId="a1b616b6-2d78-84d3-5dde-e5dc6ca8b39b" testName="DiceConstructorTest4" computerName="DANIAL-ASUS" duration="00:00:00.0016017" startTime="2014-06-30T14:04:35.2255055-05:00" endTime="2014-06-30T14:04:35.2405165-05:00" testType="13cdc9d9-ddb5-4fa4-a97d-d965ccfc6d4b" outcome="Inconclusive" testListId="8c84fa94-04c1-424b-9868-57a2d4851a1d" relativeResultsDirectory="8f184d9f-7790-4ca1-8583-9b7aa6437947">
      <Output>
        <ErrorInfo>
          <Message>Assert.Inconclusive failed. TODO: Implement code to verify target</Message>
          <StackTrace>   at RPGTest.DiceTest.DiceConstructorTest4() in C:\Users\Danial\Documents\GitHub\RPG\RPGTest\DiceTest.cs:line 156
</StackTrace>
        </ErrorInfo>
      </Output>
    </UnitTestResult>
    <UnitTestResult executionId="5270096a-ff8b-492c-ba68-773a946b1f80" testId="a67aff4f-47d5-debc-6f01-50eccafb381c" testName="RollTest2" computerName="DANIAL-ASUS" duration="00:00:00.0043871" startTime="2014-06-30T14:04:35.2465198-05:00" endTime="2014-06-30T14:04:35.2645325-05:00" testType="13cdc9d9-ddb5-4fa4-a97d-d965ccfc6d4b" outcome="Passed" testListId="8c84fa94-04c1-424b-9868-57a2d4851a1d" relativeResultsDirectory="5270096a-ff8b-492c-ba68-773a946b1f80">
    </UnitTestResult>
    <UnitTestResult executionId="f3ac25bd-273b-46ef-906c-ab1877e1b041" testId="b1cc14e4-6e4b-2742-55fe-6ed71bc67fdf" testName="NumSidesTest" computerName="DANIAL-ASUS" duration="00:00:00.0045568" startTime="2014-06-30T14:04:35.2665332-05:00" endTime="2014-06-30T14:04:35.2835455-05:00" testType="13cdc9d9-ddb5-4fa4-a97d-d965ccfc6d4b" outcome="Failed" testListId="8c84fa94-04c1-424b-9868-57a2d4851a1d" relativeResultsDirectory="f3ac25bd-273b-46ef-906c-ab1877e1b041">
      <Output>
        <ErrorInfo>
          <Message>Assert.AreEqual failed. Expected:&lt;0&gt;. Actual:&lt;20&gt;. </Message>
          <StackTrace>   at RPGTest.DieTest.NumSidesTest() in C:\Users\Danial\Documents\GitHub\RPG\RPGTest\DieTest.cs:line 132
</StackTrace>
        </ErrorInfo>
      </Output>
    </UnitTestResult>
    <UnitTestResult executionId="f1acab20-2d99-4bbd-868d-fbfe19009da4" testId="b5f319a9-9522-292d-c395-ab0eb954be76" testName="RollTest" computerName="DANIAL-ASUS" duration="00:00:00.0020786" startTime="2014-06-30T14:04:35.2885478-05:00" endTime="2014-06-30T14:04:35.3065592-05:00" testType="13cdc9d9-ddb5-4fa4-a97d-d965ccfc6d4b" outcome="Passed" testListId="8c84fa94-04c1-424b-9868-57a2d4851a1d" relativeResultsDirectory="f1acab20-2d99-4bbd-868d-fbfe19009da4">
    </UnitTestResult>
    <UnitTestResult executionId="4ecd9a59-cf5e-4950-9650-fd95966d3704" testId="c99d32b0-3647-8020-20e0-20dc007a0a3d" testName="DieConstructorTest1" computerName="DANIAL-ASUS" duration="00:00:00.0003263" startTime="2014-06-30T14:04:35.3085605-05:00" endTime="2014-06-30T14:04:35.3185672-05:00" testType="13cdc9d9-ddb5-4fa4-a97d-d965ccfc6d4b" outcome="Passed" testListId="8c84fa94-04c1-424b-9868-57a2d4851a1d" relativeResultsDirectory="4ecd9a59-cf5e-4950-9650-fd95966d3704">
    </UnitTestResult>
    <UnitTestResult executionId="537f2341-648b-4505-8679-0bb5efb9a6ef" testId="e6b71b74-9268-c550-444c-609334efcedc" testName="RollTest1" computerName="DANIAL-ASUS" duration="00:00:00.0036119" startTime="2014-06-30T14:04:35.3245712-05:00" endTime="2014-06-30T14:04:35.3365792-05:00" testType="13cdc9d9-ddb5-4fa4-a97d-d965ccfc6d4b" outcome="Failed" testListId="8c84fa94-04c1-424b-9868-57a2d4851a1d" relativeResultsDirectory="537f2341-648b-4505-8679-0bb5efb9a6ef">
      <Output>
        <ErrorInfo>
          <Message>Assert.AreEqual failed. Expected:&lt;0&gt;. Actual:&lt;13&gt;. </Message>
          <StackTrace>   at RPGTest.DieTest.RollTest1() in C:\Users\Danial\Documents\GitHub\RPG\RPGTest\DieTest.cs:line 146
</StackTrace>
        </ErrorInfo>
      </Output>
    </UnitTestResult>
    <UnitTestResult executionId="9ffb35e3-3cf4-408f-8c77-8f373bdeaa8f" testId="e7206d31-a737-b5ed-efd9-5d8d311af7d4" testName="NumDiceTest" computerName="DANIAL-ASUS" duration="00:00:00.0053649" startTime="2014-06-30T14:04:35.3415828-05:00" endTime="2014-06-30T14:04:35.3575942-05:00" testType="13cdc9d9-ddb5-4fa4-a97d-d965ccfc6d4b" outcome="Failed" testListId="8c84fa94-04c1-424b-9868-57a2d4851a1d" relativeResultsDirectory="9ffb35e3-3cf4-408f-8c77-8f373bdeaa8f">
      <Output>
        <ErrorInfo>
          <Message>Assert.AreEqual failed. Expected:&lt;0&gt;. Actual:&lt;1&gt;. </Message>
          <StackTrace>   at RPGTest.DiceTest.NumDiceTest() in C:\Users\Danial\Documents\GitHub\RPG\RPGTest\DiceTest.cs:line 193
</StackTrace>
        </ErrorInfo>
      </Output>
    </UnitTestResult>
    <UnitTestResult executionId="47d15be5-fd46-4e6d-b4bf-b25a6bdff4da" testId="e822823c-0d4e-eb0c-1ce0-ea3eceb72f5a" testName="DiceConstructorTest2" computerName="DANIAL-ASUS" duration="00:00:00.0026157" startTime="2014-06-30T14:04:35.3625965-05:00" endTime="2014-06-30T14:04:35.3786086-05:00" testType="13cdc9d9-ddb5-4fa4-a97d-d965ccfc6d4b" outcome="Passed" testListId="8c84fa94-04c1-424b-9868-57a2d4851a1d" relativeResultsDirectory="47d15be5-fd46-4e6d-b4bf-b25a6bdff4da">
    </UnitTestResult>
    <UnitTestResult executionId="9e615a97-fcd4-4cd8-8ddd-bd352105ca93" testId="f2b0ebc9-92d7-aa3a-55b5-8f79c09df496" testName="DieConstructorTest" computerName="DANIAL-ASUS" duration="00:00:00.0003031" startTime="2014-06-30T14:04:35.3806099-05:00" endTime="2014-06-30T14:04:35.3906159-05:00" testType="13cdc9d9-ddb5-4fa4-a97d-d965ccfc6d4b" outcome="Passed" testListId="8c84fa94-04c1-424b-9868-57a2d4851a1d" relativeResultsDirectory="9e615a97-fcd4-4cd8-8ddd-bd352105ca93">
    </UnitTestResult>
    <UnitTestResult executionId="2227a2d5-6342-40e3-b8ac-2b490c56137c" testId="f3f8ffc8-003c-074d-44e6-5c097cb3d7bc" testName="NumSidesTest" computerName="DANIAL-ASUS" duration="00:00:00.0038192" startTime="2014-06-30T14:04:35.3946179-05:00" endTime="2014-06-30T14:04:35.4076269-05:00" testType="13cdc9d9-ddb5-4fa4-a97d-d965ccfc6d4b" outcome="Failed" testListId="8c84fa94-04c1-424b-9868-57a2d4851a1d" relativeResultsDirectory="2227a2d5-6342-40e3-b8ac-2b490c56137c">
      <Output>
        <ErrorInfo>
          <Message>Assert.AreEqual failed. Expected:&lt;0&gt;. Actual:&lt;20&gt;. </Message>
          <StackTrace>   at RPGTest.DiceTest.NumSidesTest() in C:\Users\Danial\Documents\GitHub\RPG\RPGTest\DiceTest.cs:line 207
</StackTrace>
        </ErrorInfo>
      </Output>
    </UnitTestResult>
  </Results>
</TestRun>