<?xml version="1.0" encoding="UTF-8"?>
<TestRun id="8458de74-7b68-4f14-8370-ab15c57721a7" name="Danial@DANIAL-ASUS 2014-07-01 07:23:56" runUser="DANIAL-ASUS\Danial" xmlns="http://microsoft.com/schemas/VisualStudio/TeamTest/2010">
  <TestSettings name="Local" id="f4099e50-5f7e-4d66-893f-f079ed6f6c67">
    <Description>These are default test settings for a local test run.</Description>
    <Deployment enabled="false" runDeploymentRoot="Danial_DANIAL-ASUS 2014-07-01 07_23_56" />
    <Execution>
      <TestTypeSpecific />
      <AgentRule name="Execution Agents">
      </AgentRule>
    </Execution>
  </TestSettings>
  <Times creation="2014-07-01T07:23:56.5775410-05:00" queuing="2014-07-01T07:23:59.3463865-05:00" start="2014-07-01T07:23:59.5144986-05:00" finish="2014-07-01T07:24:20.2263065-05:00" />
  <ResultSummary outcome="Error">
    <Counters total="1" executed="1" error="0" failed="0" timeout="0" aborted="1" inconclusive="0" passedButRunAborted="0" notRunnable="0" notExecuted="0" disconnected="0" warning="0" passed="0" completed="0" inProgress="0" pending="0" />
    <RunInfos>
      <RunInfo computerName="DANIAL-ASUS" outcome="Warning" timestamp="2014-07-01T07:23:56.7206360-05:00">
        <Text>Deployment is currently disabled. The deployment item 'RPG.Character.dll' on test 'RPGTest.AgeCalculatorTest.BeginningAgeTest' was not deployed.</Text>
      </RunInfo>
      <RunInfo computerName="DANIAL-ASUS" outcome="Error" timestamp="2014-07-01T07:24:20.2243044-05:00">
        <Text>Test host process exited unexpectedly.</Text>
      </RunInfo>
    </RunInfos>
  </ResultSummary>
  <TestDefinitions>
    <UnitTest name="BeginningAgeTest" storage="c:\users\danial\documents\github\rpg\rpgtest\bin\debug\rpgtest.dll" id="2f0c1c26-b68f-63e8-a01f-2cd39f82fd42">
      <DeploymentItems>
        <DeploymentItem filename="RPG.Character.dll" />
      </DeploymentItems>
      <Execution id="5b173f41-3811-4753-b323-35076248d953" />
      <TestMethod codeBase="C:/Users/Danial/Documents/GitHub/RPG/RPGTest/bin/Debug/RPGTest.DLL" adapterTypeName="Microsoft.VisualStudio.TestTools.TestTypes.Unit.UnitTestAdapter, Microsoft.VisualStudio.QualityTools.Tips.UnitTest.Adapter, Version=10.0.0.0, Culture=neutral, PublicKeyToken=b03f5f7f11d50a3a" className="RPGTest.AgeCalculatorTest, RPGTest, Version=1.0.0.0, Culture=neutral, PublicKeyToken=null" name="BeginningAgeTest" />
    </UnitTest>
  </TestDefinitions>
  <TestLists>
    <TestList name="Results Not in a List" id="8c84fa94-04c1-424b-9868-57a2d4851a1d" />
    <TestList name="All Loaded Results" id="19431567-8539-422a-85d7-44ee4e166bda" />
  </TestLists>
  <TestEntries>
    <TestEntry testId="2f0c1c26-b68f-63e8-a01f-2cd39f82fd42" executionId="5b173f41-3811-4753-b323-35076248d953" testListId="8c84fa94-04c1-424b-9868-57a2d4851a1d" />
  </TestEntries>
  <Results>
    <UnitTestResult executionId="5b173f41-3811-4753-b323-35076248d953" testId="2f0c1c26-b68f-63e8-a01f-2cd39f82fd42" testName="BeginningAgeTest" computerName="DANIAL-ASUS" duration="00:00:20.4936625" startTime="2014-07-01T07:23:59.7326440-05:00" endTime="2014-07-01T07:24:20.2263065-05:00" testType="13cdc9d9-ddb5-4fa4-a97d-d965ccfc6d4b" outcome="Aborted" testListId="8c84fa94-04c1-424b-9868-57a2d4851a1d" relativeResultsDirectory="5b173f41-3811-4753-b323-35076248d953">
    </UnitTestResult>
  </Results>
</TestRun>