<?xml version="1.0" encoding="UTF-8"?>
<TestRun id="0779b524-3bfe-4dcc-81f2-e8c1dc31d83b" name="Danial@DANIAL-ASUS 2014-07-02 14:49:04" runUser="DANIAL-ASUS\Danial" xmlns="http://microsoft.com/schemas/VisualStudio/TeamTest/2010">
  <TestSettings name="Local" id="f4099e50-5f7e-4d66-893f-f079ed6f6c67">
    <Description>These are default test settings for a local test run.</Description>
    <Deployment enabled="false" runDeploymentRoot="Danial_DANIAL-ASUS 2014-07-02 14_49_04">
      <DeploymentItem filename="C:\Users\Danial\Documents\GitHub\RPG\Assemblies\RPG.RollDice.dll" />
      <DeploymentItem filename="C:\Users\Danial\Documents\GitHub\RPG\Assemblies\RPG.exe" />
      <DeploymentItem filename="C:\Users\Danial\Documents\GitHub\RPG\Assemblies\RPG.Character.dll" />
      <DeploymentItem filename="C:\Users\Danial\Documents\GitHub\RPG\Assemblies\RPG.General.dll" />
    </Deployment>
    <Execution>
      <TestTypeSpecific />
      <AgentRule name="Execution Agents">
      </AgentRule>
    </Execution>
  </TestSettings>
  <Times creation="2014-07-02T14:49:04.6336098-05:00" queuing="2014-07-02T14:49:04.6866441-05:00" start="2014-07-02T14:49:04.7016552-05:00" finish="2014-07-02T14:49:05.5432152-05:00" />
  <ResultSummary outcome="Failed">
    <Counters total="14" executed="14" passed="8" error="0" failed="6" timeout="0" aborted="0" inconclusive="0" passedButRunAborted="0" notRunnable="0" notExecuted="0" disconnected="0" warning="0" completed="0" inProgress="0" pending="0" />
  </ResultSummary>
  <TestDefinitions>
    <UnitTest name="RollTest1d1Mul3" storage="c:\users\danial\documents\github\rpg\assemblies\rpgtest.dll" id="594f7b09-c534-fbe8-9d4a-1cba099beed5">
      <Execution id="a94cd91a-d53f-4e31-be7b-550cad13735a" />
      <TestMethod codeBase="C:/Users/Danial/Documents/GitHub/RPG/Assemblies/RPGTest.DLL" adapterTypeName="Microsoft.VisualStudio.TestTools.TestTypes.Unit.UnitTestAdapter, Microsoft.VisualStudio.QualityTools.Tips.UnitTest.Adapter, Version=10.0.0.0, Culture=neutral, PublicKeyToken=b03f5f7f11d50a3a" className="RPGTest.DiceParserTest, RPGTest, Version=1.0.0.0, Culture=neutral, PublicKeyToken=null" name="RollTest1d1Mul3" />
    </UnitTest>
    <UnitTest name="RollTest1d1" storage="c:\users\danial\documents\github\rpg\assemblies\rpgtest.dll" id="075434e3-e103-d829-5145-c369a2860765">
      <Execution id="6dfa6f58-3aa9-4cba-904f-e640fe1be711" />
      <TestMethod codeBase="C:/Users/Danial/Documents/GitHub/RPG/Assemblies/RPGTest.DLL" adapterTypeName="Microsoft.VisualStudio.TestTools.TestTypes.Unit.UnitTestAdapter, Microsoft.VisualStudio.QualityTools.Tips.UnitTest.Adapter, Version=10.0.0.0, Culture=neutral, PublicKeyToken=b03f5f7f11d50a3a" className="RPGTest.DiceParserTest, RPGTest, Version=1.0.0.0, Culture=neutral, PublicKeyToken=null" name="RollTest1d1" />
    </UnitTest>
    <UnitTest name="RollTest2d1Mul3d1Add2d1Sub5" storage="c:\users\danial\documents\github\rpg\assemblies\rpgtest.dll" id="5d13590b-4d5b-d1a4-86a6-826d43dec9d1">
      <Execution id="a484bc9b-7c55-4be1-b8c7-3f62d5d73833" />
      <TestMethod codeBase="C:/Users/Danial/Documents/GitHub/RPG/Assemblies/RPGTest.DLL" adapterTypeName="Microsoft.VisualStudio.TestTools.TestTypes.Unit.UnitTestAdapter, Microsoft.VisualStudio.QualityTools.Tips.UnitTest.Adapter, Version=10.0.0.0, Culture=neutral, PublicKeyToken=b03f5f7f11d50a3a" className="RPGTest.DiceParserTest, RPGTest, Version=1.0.0.0, Culture=neutral, PublicKeyToken=null" name="RollTest2d1Mul3d1Add2d1Sub5" />
    </UnitTest>
    <UnitTest name="RollTest2d1Mul3d1" storage="c:\users\danial\documents\github\rpg\assemblies\rpgtest.dll" id="a39910d9-a185-216a-6496-802afb0d62c8">
      <Execution id="2403c526-0afc-4399-b05f-12d5bd15990a" />
      <TestMethod codeBase="C:/Users/Danial/Documents/GitHub/RPG/Assemblies/RPGTest.DLL" adapterTypeName="Microsoft.VisualStudio.TestTools.TestTypes.Unit.UnitTestAdapter, Microsoft.VisualStudio.QualityTools.Tips.UnitTest.Adapter, Version=10.0.0.0, Culture=neutral, PublicKeyToken=b03f5f7f11d50a3a" className="RPGTest.DiceParserTest, RPGTest, Version=1.0.0.0, Culture=neutral, PublicKeyToken=null" name="RollTest2d1Mul3d1" />
    </UnitTest>
    <UnitTest name="RollTest1d1Add1" storage="c:\users\danial\documents\github\rpg\assemblies\rpgtest.dll" id="d5c306b1-ba41-3ceb-a229-57b2f161b761">
      <Execution id="25013e3e-ff6d-4f70-abf4-7e51830d3406" />
      <TestMethod codeBase="C:/Users/Danial/Documents/GitHub/RPG/Assemblies/RPGTest.DLL" adapterTypeName="Microsoft.VisualStudio.TestTools.TestTypes.Unit.UnitTestAdapter, Microsoft.VisualStudio.QualityTools.Tips.UnitTest.Adapter, Version=10.0.0.0, Culture=neutral, PublicKeyToken=b03f5f7f11d50a3a" className="RPGTest.DiceParserTest, RPGTest, Version=1.0.0.0, Culture=neutral, PublicKeyToken=null" name="RollTest1d1Add1" />
    </UnitTest>
    <UnitTest name="RollTest2d1Mul3d1Add2d1" storage="c:\users\danial\documents\github\rpg\assemblies\rpgtest.dll" id="5b87ccaf-29a4-4f95-2684-880ee8365d06">
      <Execution id="340f9de8-d646-4fff-9a5a-ad07cd7757c9" />
      <TestMethod codeBase="C:/Users/Danial/Documents/GitHub/RPG/Assemblies/RPGTest.DLL" adapterTypeName="Microsoft.VisualStudio.TestTools.TestTypes.Unit.UnitTestAdapter, Microsoft.VisualStudio.QualityTools.Tips.UnitTest.Adapter, Version=10.0.0.0, Culture=neutral, PublicKeyToken=b03f5f7f11d50a3a" className="RPGTest.DiceParserTest, RPGTest, Version=1.0.0.0, Culture=neutral, PublicKeyToken=null" name="RollTest2d1Mul3d1Add2d1" />
    </UnitTest>
    <UnitTest name="RollTest3d1Sub1d1" storage="c:\users\danial\documents\github\rpg\assemblies\rpgtest.dll" id="3e5b43b0-f69e-6036-78d9-8b8fa5112ba9">
      <Execution id="0e809305-7f8f-4b3a-a4f0-36c5595fe2e2" />
      <TestMethod codeBase="C:/Users/Danial/Documents/GitHub/RPG/Assemblies/RPGTest.DLL" adapterTypeName="Microsoft.VisualStudio.TestTools.TestTypes.Unit.UnitTestAdapter, Microsoft.VisualStudio.QualityTools.Tips.UnitTest.Adapter, Version=10.0.0.0, Culture=neutral, PublicKeyToken=b03f5f7f11d50a3a" className="RPGTest.DiceParserTest, RPGTest, Version=1.0.0.0, Culture=neutral, PublicKeyToken=null" name="RollTest3d1Sub1d1" />
    </UnitTest>
    <UnitTest name="RollTest1d1Add1Mul3" storage="c:\users\danial\documents\github\rpg\assemblies\rpgtest.dll" id="07d35cc0-5f84-71b9-c09d-3470390d331a">
      <Execution id="dcee072d-a9d6-44cf-a5c7-547d99db00d6" />
      <TestMethod codeBase="C:/Users/Danial/Documents/GitHub/RPG/Assemblies/RPGTest.DLL" adapterTypeName="Microsoft.VisualStudio.TestTools.TestTypes.Unit.UnitTestAdapter, Microsoft.VisualStudio.QualityTools.Tips.UnitTest.Adapter, Version=10.0.0.0, Culture=neutral, PublicKeyToken=b03f5f7f11d50a3a" className="RPGTest.DiceParserTest, RPGTest, Version=1.0.0.0, Culture=neutral, PublicKeyToken=null" name="RollTest1d1Add1Mul3" />
    </UnitTest>
    <UnitTest name="RollTest1d1Add1Add1" storage="c:\users\danial\documents\github\rpg\assemblies\rpgtest.dll" id="c45b81b6-2679-7675-5083-89585994de9d">
      <Execution id="904f1770-5bba-4ef2-b3b4-8277c38fc796" />
      <TestMethod codeBase="C:/Users/Danial/Documents/GitHub/RPG/Assemblies/RPGTest.DLL" adapterTypeName="Microsoft.VisualStudio.TestTools.TestTypes.Unit.UnitTestAdapter, Microsoft.VisualStudio.QualityTools.Tips.UnitTest.Adapter, Version=10.0.0.0, Culture=neutral, PublicKeyToken=b03f5f7f11d50a3a" className="RPGTest.DiceParserTest, RPGTest, Version=1.0.0.0, Culture=neutral, PublicKeyToken=null" name="RollTest1d1Add1Add1" />
    </UnitTest>
    <UnitTest name="RollTest1d1Sub1" storage="c:\users\danial\documents\github\rpg\assemblies\rpgtest.dll" id="b10ebec1-2ac3-f1ca-ba26-6e1ad7d7075a">
      <Execution id="2963cb83-b8ac-42cb-85c9-cf833cecb604" />
      <TestMethod codeBase="C:/Users/Danial/Documents/GitHub/RPG/Assemblies/RPGTest.DLL" adapterTypeName="Microsoft.VisualStudio.TestTools.TestTypes.Unit.UnitTestAdapter, Microsoft.VisualStudio.QualityTools.Tips.UnitTest.Adapter, Version=10.0.0.0, Culture=neutral, PublicKeyToken=b03f5f7f11d50a3a" className="RPGTest.DiceParserTest, RPGTest, Version=1.0.0.0, Culture=neutral, PublicKeyToken=null" name="RollTest1d1Sub1" />
    </UnitTest>
    <UnitTest name="RollTest1d1Add3d1" storage="c:\users\danial\documents\github\rpg\assemblies\rpgtest.dll" id="df1b4648-1710-c997-2724-7e108ca2e85b">
      <Execution id="842701f0-3a12-4615-9bf9-0f0a030227c9" />
      <TestMethod codeBase="C:/Users/Danial/Documents/GitHub/RPG/Assemblies/RPGTest.DLL" adapterTypeName="Microsoft.VisualStudio.TestTools.TestTypes.Unit.UnitTestAdapter, Microsoft.VisualStudio.QualityTools.Tips.UnitTest.Adapter, Version=10.0.0.0, Culture=neutral, PublicKeyToken=b03f5f7f11d50a3a" className="RPGTest.DiceParserTest, RPGTest, Version=1.0.0.0, Culture=neutral, PublicKeyToken=null" name="RollTest1d1Add3d1" />
    </UnitTest>
    <UnitTest name="RollTest1d1Add1Sub1" storage="c:\users\danial\documents\github\rpg\assemblies\rpgtest.dll" id="749c9363-176f-3ec8-18aa-70765e5a0b66">
      <Execution id="e40a90c3-dd7e-4ff5-adcb-f146b5937dcd" />
      <TestMethod codeBase="C:/Users/Danial/Documents/GitHub/RPG/Assemblies/RPGTest.DLL" adapterTypeName="Microsoft.VisualStudio.TestTools.TestTypes.Unit.UnitTestAdapter, Microsoft.VisualStudio.QualityTools.Tips.UnitTest.Adapter, Version=10.0.0.0, Culture=neutral, PublicKeyToken=b03f5f7f11d50a3a" className="RPGTest.DiceParserTest, RPGTest, Version=1.0.0.0, Culture=neutral, PublicKeyToken=null" name="RollTest1d1Add1Sub1" />
    </UnitTest>
    <UnitTest name="RollTest1d1Mul0" storage="c:\users\danial\documents\github\rpg\assemblies\rpgtest.dll" id="f2c43a54-11e4-ccba-49c8-4a3ee377f3a1">
      <Execution id="c2ecc302-60c4-4bbd-980e-47f17cd8dd0a" />
      <TestMethod codeBase="C:/Users/Danial/Documents/GitHub/RPG/Assemblies/RPGTest.DLL" adapterTypeName="Microsoft.VisualStudio.TestTools.TestTypes.Unit.UnitTestAdapter, Microsoft.VisualStudio.QualityTools.Tips.UnitTest.Adapter, Version=10.0.0.0, Culture=neutral, PublicKeyToken=b03f5f7f11d50a3a" className="RPGTest.DiceParserTest, RPGTest, Version=1.0.0.0, Culture=neutral, PublicKeyToken=null" name="RollTest1d1Mul0" />
    </UnitTest>
    <UnitTest name="RollTest1" storage="c:\users\danial\documents\github\rpg\assemblies\rpgtest.dll" id="9f743059-7240-8918-bfad-bd23f3903cee">
      <Execution id="c3684f97-1666-4a19-82b7-09fb8b77f82f" />
      <TestMethod codeBase="C:/Users/Danial/Documents/GitHub/RPG/Assemblies/RPGTest.DLL" adapterTypeName="Microsoft.VisualStudio.TestTools.TestTypes.Unit.UnitTestAdapter, Microsoft.VisualStudio.QualityTools.Tips.UnitTest.Adapter, Version=10.0.0.0, Culture=neutral, PublicKeyToken=b03f5f7f11d50a3a" className="RPGTest.DiceParserTest, RPGTest, Version=1.0.0.0, Culture=neutral, PublicKeyToken=null" name="RollTest1" />
    </UnitTest>
  </TestDefinitions>
  <TestLists>
    <TestList name="Results Not in a List" id="8c84fa94-04c1-424b-9868-57a2d4851a1d" />
    <TestList name="All Loaded Results" id="19431567-8539-422a-85d7-44ee4e166bda" />
  </TestLists>
  <TestEntries>
    <TestEntry testId="075434e3-e103-d829-5145-c369a2860765" executionId="6dfa6f58-3aa9-4cba-904f-e640fe1be711" testListId="8c84fa94-04c1-424b-9868-57a2d4851a1d" />
    <TestEntry testId="07d35cc0-5f84-71b9-c09d-3470390d331a" executionId="dcee072d-a9d6-44cf-a5c7-547d99db00d6" testListId="8c84fa94-04c1-424b-9868-57a2d4851a1d" />
    <TestEntry testId="3e5b43b0-f69e-6036-78d9-8b8fa5112ba9" executionId="0e809305-7f8f-4b3a-a4f0-36c5595fe2e2" testListId="8c84fa94-04c1-424b-9868-57a2d4851a1d" />
    <TestEntry testId="594f7b09-c534-fbe8-9d4a-1cba099beed5" executionId="a94cd91a-d53f-4e31-be7b-550cad13735a" testListId="8c84fa94-04c1-424b-9868-57a2d4851a1d" />
    <TestEntry testId="5b87ccaf-29a4-4f95-2684-880ee8365d06" executionId="340f9de8-d646-4fff-9a5a-ad07cd7757c9" testListId="8c84fa94-04c1-424b-9868-57a2d4851a1d" />
    <TestEntry testId="5d13590b-4d5b-d1a4-86a6-826d43dec9d1" executionId="a484bc9b-7c55-4be1-b8c7-3f62d5d73833" testListId="8c84fa94-04c1-424b-9868-57a2d4851a1d" />
    <TestEntry testId="749c9363-176f-3ec8-18aa-70765e5a0b66" executionId="e40a90c3-dd7e-4ff5-adcb-f146b5937dcd" testListId="8c84fa94-04c1-424b-9868-57a2d4851a1d" />
    <TestEntry testId="9f743059-7240-8918-bfad-bd23f3903cee" executionId="c3684f97-1666-4a19-82b7-09fb8b77f82f" testListId="8c84fa94-04c1-424b-9868-57a2d4851a1d" />
    <TestEntry testId="a39910d9-a185-216a-6496-802afb0d62c8" executionId="2403c526-0afc-4399-b05f-12d5bd15990a" testListId="8c84fa94-04c1-424b-9868-57a2d4851a1d" />
    <TestEntry testId="b10ebec1-2ac3-f1ca-ba26-6e1ad7d7075a" executionId="2963cb83-b8ac-42cb-85c9-cf833cecb604" testListId="8c84fa94-04c1-424b-9868-57a2d4851a1d" />
    <TestEntry testId="c45b81b6-2679-7675-5083-89585994de9d" executionId="904f1770-5bba-4ef2-b3b4-8277c38fc796" testListId="8c84fa94-04c1-424b-9868-57a2d4851a1d" />
    <TestEntry testId="d5c306b1-ba41-3ceb-a229-57b2f161b761" executionId="25013e3e-ff6d-4f70-abf4-7e51830d3406" testListId="8c84fa94-04c1-424b-9868-57a2d4851a1d" />
    <TestEntry testId="df1b4648-1710-c997-2724-7e108ca2e85b" executionId="842701f0-3a12-4615-9bf9-0f0a030227c9" testListId="8c84fa94-04c1-424b-9868-57a2d4851a1d" />
    <TestEntry testId="f2c43a54-11e4-ccba-49c8-4a3ee377f3a1" executionId="c2ecc302-60c4-4bbd-980e-47f17cd8dd0a" testListId="8c84fa94-04c1-424b-9868-57a2d4851a1d" />
  </TestEntries>
  <Results>
    <UnitTestResult executionId="6dfa6f58-3aa9-4cba-904f-e640fe1be711" testId="075434e3-e103-d829-5145-c369a2860765" testName="RollTest1d1" computerName="DANIAL-ASUS" duration="00:00:00.0515441" startTime="2014-07-02T14:49:04.7056565-05:00" endTime="2014-07-02T14:49:05.1459500-05:00" testType="13cdc9d9-ddb5-4fa4-a97d-d965ccfc6d4b" outcome="Passed" testListId="8c84fa94-04c1-424b-9868-57a2d4851a1d" relativeResultsDirectory="6dfa6f58-3aa9-4cba-904f-e640fe1be711">
    </UnitTestResult>
    <UnitTestResult executionId="dcee072d-a9d6-44cf-a5c7-547d99db00d6" testId="07d35cc0-5f84-71b9-c09d-3470390d331a" testName="RollTest1d1Add1Mul3" computerName="DANIAL-ASUS" duration="00:00:00.0330401" startTime="2014-07-02T14:49:05.1509530-05:00" endTime="2014-07-02T14:49:05.1959834-05:00" testType="13cdc9d9-ddb5-4fa4-a97d-d965ccfc6d4b" outcome="Failed" testListId="8c84fa94-04c1-424b-9868-57a2d4851a1d" relativeResultsDirectory="dcee072d-a9d6-44cf-a5c7-547d99db00d6">
      <Output>
        <ErrorInfo>
          <Message>Test method RPGTest.DiceParserTest.RollTest1d1Add1Mul3 threw exception: 
System.ArgumentOutOfRangeException: StartIndex cannot be less than zero.
Parameter name: startIndex</Message>
          <StackTrace>    at System.String.Substring(Int32 startIndex, Int32 length)
   at RPG.RollDice.DiceParser.ProcessMultDiv(String math) in C:\Users\Danial\Documents\GitHub\RPG\RPG.Dice\DiceParser.cs:line 242
   at RPG.RollDice.DiceParser.Calculate(String diceString) in C:\Users\Danial\Documents\GitHub\RPG\RPG.Dice\DiceParser.cs:line 182
   at RPG.RollDice.DiceParser.Roll(String diceString) in C:\Users\Danial\Documents\GitHub\RPG\RPG.Dice\DiceParser.cs:line 167
   at RPGTest.DiceParserTest.RollTest1d1Add1Mul3() in C:\Users\Danial\Documents\GitHub\RPG\RPGTest\DiceParserTest.cs:line 171
</StackTrace>
        </ErrorInfo>
      </Output>
    </UnitTestResult>
    <UnitTestResult executionId="0e809305-7f8f-4b3a-a4f0-36c5595fe2e2" testId="3e5b43b0-f69e-6036-78d9-8b8fa5112ba9" testName="RollTest3d1Sub1d1" computerName="DANIAL-ASUS" duration="00:00:00.0027389" startTime="2014-07-02T14:49:05.2049890-05:00" endTime="2014-07-02T14:49:05.2210004-05:00" testType="13cdc9d9-ddb5-4fa4-a97d-d965ccfc6d4b" outcome="Passed" testListId="8c84fa94-04c1-424b-9868-57a2d4851a1d" relativeResultsDirectory="0e809305-7f8f-4b3a-a4f0-36c5595fe2e2">
    </UnitTestResult>
    <UnitTestResult executionId="a94cd91a-d53f-4e31-be7b-550cad13735a" testId="594f7b09-c534-fbe8-9d4a-1cba099beed5" testName="RollTest1d1Mul3" computerName="DANIAL-ASUS" duration="00:00:00.0048770" startTime="2014-07-02T14:49:05.2230010-05:00" endTime="2014-07-02T14:49:05.2400120-05:00" testType="13cdc9d9-ddb5-4fa4-a97d-d965ccfc6d4b" outcome="Failed" testListId="8c84fa94-04c1-424b-9868-57a2d4851a1d" relativeResultsDirectory="a94cd91a-d53f-4e31-be7b-550cad13735a">
      <Output>
        <ErrorInfo>
          <Message>Test method RPGTest.DiceParserTest.RollTest1d1Mul3 threw exception: 
System.ArgumentOutOfRangeException: StartIndex cannot be less than zero.
Parameter name: startIndex</Message>
          <StackTrace>    at System.String.Substring(Int32 startIndex, Int32 length)
   at RPG.RollDice.DiceParser.ProcessMultDiv(String math) in C:\Users\Danial\Documents\GitHub\RPG\RPG.Dice\DiceParser.cs:line 242
   at RPG.RollDice.DiceParser.Calculate(String diceString) in C:\Users\Danial\Documents\GitHub\RPG\RPG.Dice\DiceParser.cs:line 182
   at RPG.RollDice.DiceParser.Roll(String diceString) in C:\Users\Danial\Documents\GitHub\RPG\RPG.Dice\DiceParser.cs:line 167
   at RPGTest.DiceParserTest.RollTest1d1Mul3() in C:\Users\Danial\Documents\GitHub\RPG\RPGTest\DiceParserTest.cs:line 131
</StackTrace>
        </ErrorInfo>
      </Output>
    </UnitTestResult>
    <UnitTestResult executionId="340f9de8-d646-4fff-9a5a-ad07cd7757c9" testId="5b87ccaf-29a4-4f95-2684-880ee8365d06" testName="RollTest2d1Mul3d1Add2d1" computerName="DANIAL-ASUS" duration="00:00:00.0056434" startTime="2014-07-02T14:49:05.2460167-05:00" endTime="2014-07-02T14:49:05.2620349-05:00" testType="13cdc9d9-ddb5-4fa4-a97d-d965ccfc6d4b" outcome="Failed" testListId="8c84fa94-04c1-424b-9868-57a2d4851a1d" relativeResultsDirectory="340f9de8-d646-4fff-9a5a-ad07cd7757c9">
      <Output>
        <ErrorInfo>
          <Message>Test method RPGTest.DiceParserTest.RollTest2d1Mul3d1Add2d1 threw exception: 
System.ArgumentOutOfRangeException: StartIndex cannot be less than zero.
Parameter name: startIndex</Message>
          <StackTrace>    at System.String.Substring(Int32 startIndex, Int32 length)
   at RPG.RollDice.DiceParser.ProcessMultDiv(String math) in C:\Users\Danial\Documents\GitHub\RPG\RPG.Dice\DiceParser.cs:line 242
   at RPG.RollDice.DiceParser.Calculate(String diceString) in C:\Users\Danial\Documents\GitHub\RPG\RPG.Dice\DiceParser.cs:line 182
   at RPG.RollDice.DiceParser.Roll(String diceString) in C:\Users\Danial\Documents\GitHub\RPG\RPG.Dice\DiceParser.cs:line 167
   at RPGTest.DiceParserTest.RollTest2d1Mul3d1Add2d1() in C:\Users\Danial\Documents\GitHub\RPG\RPGTest\DiceParserTest.cs:line 212
</StackTrace>
        </ErrorInfo>
      </Output>
    </UnitTestResult>
    <UnitTestResult executionId="a484bc9b-7c55-4be1-b8c7-3f62d5d73833" testId="5d13590b-4d5b-d1a4-86a6-826d43dec9d1" testName="RollTest2d1Mul3d1Add2d1Sub5" computerName="DANIAL-ASUS" duration="00:00:00.0035955" startTime="2014-07-02T14:49:05.2680314-05:00" endTime="2014-07-02T14:49:05.2900461-05:00" testType="13cdc9d9-ddb5-4fa4-a97d-d965ccfc6d4b" outcome="Failed" testListId="8c84fa94-04c1-424b-9868-57a2d4851a1d" relativeResultsDirectory="a484bc9b-7c55-4be1-b8c7-3f62d5d73833">
      <Output>
        <ErrorInfo>
          <Message>Test method RPGTest.DiceParserTest.RollTest2d1Mul3d1Add2d1Sub5 threw exception: 
System.ArgumentOutOfRangeException: StartIndex cannot be less than zero.
Parameter name: startIndex</Message>
          <StackTrace>    at System.String.Substring(Int32 startIndex, Int32 length)
   at RPG.RollDice.DiceParser.ProcessMultDiv(String math) in C:\Users\Danial\Documents\GitHub\RPG\RPG.Dice\DiceParser.cs:line 242
   at RPG.RollDice.DiceParser.Calculate(String diceString) in C:\Users\Danial\Documents\GitHub\RPG\RPG.Dice\DiceParser.cs:line 182
   at RPG.RollDice.DiceParser.Roll(String diceString) in C:\Users\Danial\Documents\GitHub\RPG\RPG.Dice\DiceParser.cs:line 167
   at RPGTest.DiceParserTest.RollTest2d1Mul3d1Add2d1Sub5() in C:\Users\Danial\Documents\GitHub\RPG\RPGTest\DiceParserTest.cs:line 222
</StackTrace>
        </ErrorInfo>
      </Output>
    </UnitTestResult>
    <UnitTestResult executionId="e40a90c3-dd7e-4ff5-adcb-f146b5937dcd" testId="749c9363-176f-3ec8-18aa-70765e5a0b66" testName="RollTest1d1Add1Sub1" computerName="DANIAL-ASUS" duration="00:00:00.0003366" startTime="2014-07-02T14:49:05.3120607-05:00" endTime="2014-07-02T14:49:05.3330751-05:00" testType="13cdc9d9-ddb5-4fa4-a97d-d965ccfc6d4b" outcome="Passed" testListId="8c84fa94-04c1-424b-9868-57a2d4851a1d" relativeResultsDirectory="e40a90c3-dd7e-4ff5-adcb-f146b5937dcd">
    </UnitTestResult>
    <UnitTestResult executionId="c3684f97-1666-4a19-82b7-09fb8b77f82f" testId="9f743059-7240-8918-bfad-bd23f3903cee" testName="RollTest1" computerName="DANIAL-ASUS" duration="00:00:00.0003167" startTime="2014-07-02T14:49:05.3380781-05:00" endTime="2014-07-02T14:49:05.3490858-05:00" testType="13cdc9d9-ddb5-4fa4-a97d-d965ccfc6d4b" outcome="Passed" testListId="8c84fa94-04c1-424b-9868-57a2d4851a1d" relativeResultsDirectory="c3684f97-1666-4a19-82b7-09fb8b77f82f">
    </UnitTestResult>
    <UnitTestResult executionId="2403c526-0afc-4399-b05f-12d5bd15990a" testId="a39910d9-a185-216a-6496-802afb0d62c8" testName="RollTest2d1Mul3d1" computerName="DANIAL-ASUS" duration="00:00:00.0058664" startTime="2014-07-02T14:49:05.3540888-05:00" endTime="2014-07-02T14:49:05.3791058-05:00" testType="13cdc9d9-ddb5-4fa4-a97d-d965ccfc6d4b" outcome="Failed" testListId="8c84fa94-04c1-424b-9868-57a2d4851a1d" relativeResultsDirectory="2403c526-0afc-4399-b05f-12d5bd15990a">
      <Output>
        <ErrorInfo>
          <Message>Test method RPGTest.DiceParserTest.RollTest2d1Mul3d1 threw exception: 
System.ArgumentOutOfRangeException: StartIndex cannot be less than zero.
Parameter name: startIndex</Message>
          <StackTrace>    at System.String.Substring(Int32 startIndex, Int32 length)
   at RPG.RollDice.DiceParser.ProcessMultDiv(String math) in C:\Users\Danial\Documents\GitHub\RPG\RPG.Dice\DiceParser.cs:line 242
   at RPG.RollDice.DiceParser.Calculate(String diceString) in C:\Users\Danial\Documents\GitHub\RPG\RPG.Dice\DiceParser.cs:line 182
   at RPG.RollDice.DiceParser.Roll(String diceString) in C:\Users\Danial\Documents\GitHub\RPG\RPG.Dice\DiceParser.cs:line 167
   at RPGTest.DiceParserTest.RollTest2d1Mul3d1() in C:\Users\Danial\Documents\GitHub\RPG\RPGTest\DiceParserTest.cs:line 201
</StackTrace>
        </ErrorInfo>
      </Output>
    </UnitTestResult>
    <UnitTestResult executionId="2963cb83-b8ac-42cb-85c9-cf833cecb604" testId="b10ebec1-2ac3-f1ca-ba26-6e1ad7d7075a" testName="RollTest1d1Sub1" computerName="DANIAL-ASUS" duration="00:00:00.0022018" startTime="2014-07-02T14:49:05.3841088-05:00" endTime="2014-07-02T14:49:05.3971171-05:00" testType="13cdc9d9-ddb5-4fa4-a97d-d965ccfc6d4b" outcome="Passed" testListId="8c84fa94-04c1-424b-9868-57a2d4851a1d" relativeResultsDirectory="2963cb83-b8ac-42cb-85c9-cf833cecb604">
    </UnitTestResult>
    <UnitTestResult executionId="904f1770-5bba-4ef2-b3b4-8277c38fc796" testId="c45b81b6-2679-7675-5083-89585994de9d" testName="RollTest1d1Add1Add1" computerName="DANIAL-ASUS" duration="00:00:00.0032041" startTime="2014-07-02T14:49:05.4021208-05:00" endTime="2014-07-02T14:49:05.4181315-05:00" testType="13cdc9d9-ddb5-4fa4-a97d-d965ccfc6d4b" outcome="Passed" testListId="8c84fa94-04c1-424b-9868-57a2d4851a1d" relativeResultsDirectory="904f1770-5bba-4ef2-b3b4-8277c38fc796">
    </UnitTestResult>
    <UnitTestResult executionId="25013e3e-ff6d-4f70-abf4-7e51830d3406" testId="d5c306b1-ba41-3ceb-a229-57b2f161b761" testName="RollTest1d1Add1" computerName="DANIAL-ASUS" duration="00:00:00.0003427" startTime="2014-07-02T14:49:05.4291391-05:00" endTime="2014-07-02T14:49:05.4421481-05:00" testType="13cdc9d9-ddb5-4fa4-a97d-d965ccfc6d4b" outcome="Passed" testListId="8c84fa94-04c1-424b-9868-57a2d4851a1d" relativeResultsDirectory="25013e3e-ff6d-4f70-abf4-7e51830d3406">
    </UnitTestResult>
    <UnitTestResult executionId="842701f0-3a12-4615-9bf9-0f0a030227c9" testId="df1b4648-1710-c997-2724-7e108ca2e85b" testName="RollTest1d1Add3d1" computerName="DANIAL-ASUS" duration="00:00:00.0003941" startTime="2014-07-02T14:49:05.4451498-05:00" endTime="2014-07-02T14:49:05.4581581-05:00" testType="13cdc9d9-ddb5-4fa4-a97d-d965ccfc6d4b" outcome="Passed" testListId="8c84fa94-04c1-424b-9868-57a2d4851a1d" relativeResultsDirectory="842701f0-3a12-4615-9bf9-0f0a030227c9">
    </UnitTestResult>
    <UnitTestResult executionId="c2ecc302-60c4-4bbd-980e-47f17cd8dd0a" testId="f2c43a54-11e4-ccba-49c8-4a3ee377f3a1" testName="RollTest1d1Mul0" computerName="DANIAL-ASUS" duration="00:00:00.0057686" startTime="2014-07-02T14:49:05.4671645-05:00" endTime="2014-07-02T14:49:05.4901802-05:00" testType="13cdc9d9-ddb5-4fa4-a97d-d965ccfc6d4b" outcome="Failed" testListId="8c84fa94-04c1-424b-9868-57a2d4851a1d" relativeResultsDirectory="c2ecc302-60c4-4bbd-980e-47f17cd8dd0a">
      <Output>
        <ErrorInfo>
          <Message>Test method RPGTest.DiceParserTest.RollTest1d1Mul0 threw exception: 
System.ArgumentOutOfRangeException: StartIndex cannot be less than zero.
Parameter name: startIndex</Message>
          <StackTrace>    at System.String.Substring(Int32 startIndex, Int32 length)
   at RPG.RollDice.DiceParser.ProcessMultDiv(String math) in C:\Users\Danial\Documents\GitHub\RPG\RPG.Dice\DiceParser.cs:line 242
   at RPG.RollDice.DiceParser.Calculate(String diceString) in C:\Users\Danial\Documents\GitHub\RPG\RPG.Dice\DiceParser.cs:line 182
   at RPG.RollDice.DiceParser.Roll(String diceString) in C:\Users\Danial\Documents\GitHub\RPG\RPG.Dice\DiceParser.cs:line 167
   at RPGTest.DiceParserTest.RollTest1d1Mul0() in C:\Users\Danial\Documents\GitHub\RPG\RPGTest\DiceParserTest.cs:line 141
</StackTrace>
        </ErrorInfo>
      </Output>
    </UnitTestResult>
  </Results>
</TestRun>