<?xml version="1.0" encoding="UTF-8"?>
<TestRun id="71957a7d-ae6f-4032-8c9b-88d65b40fe47" name="Danial@DANIAL-ASUS 2015-02-10 21:51:31" runUser="DANIAL-ASUS\Danial" xmlns="http://microsoft.com/schemas/VisualStudio/TeamTest/2010">
  <TestSettings name="Local" id="f4099e50-5f7e-4d66-893f-f079ed6f6c67">
    <Description>These are default test settings for a local test run.</Description>
    <Deployment enabled="false" runDeploymentRoot="Danial_DANIAL-ASUS 2015-02-10 21_51_31">
      <DeploymentItem filename="C:\Users\Danial\Documents\GitHub\RPG\Assemblies\RPG.RollDice.dll" />
      <DeploymentItem filename="C:\Users\Danial\Documents\GitHub\RPG\Assemblies\RPG.exe" />
      <DeploymentItem filename="C:\Users\Danial\Documents\GitHub\RPG\Assemblies\RPG.Character.dll" />
      <DeploymentItem filename="C:\Users\Danial\Documents\GitHub\RPG\Assemblies\RPG.General.dll" />
    </Deployment>
    <Execution>
      <TestTypeSpecific />
      <AgentRule name="Execution Agents">
      </AgentRule>
    </Execution>
  </TestSettings>
  <Times creation="2015-02-10T21:51:31.2819427-06:00" queuing="2015-02-10T21:51:33.8603052-06:00" start="2015-02-10T21:51:34.0849886-06:00" finish="2015-02-10T21:51:36.5612575-06:00" />
  <ResultSummary outcome="Completed">
    <Counters total="16" executed="16" passed="16" error="0" failed="0" timeout="0" aborted="0" inconclusive="0" passedButRunAborted="0" notRunnable="0" notExecuted="0" disconnected="0" warning="0" completed="0" inProgress="0" pending="0" />
  </ResultSummary>
  <TestDefinitions>
    <UnitTest name="DieConstructorTest1" storage="c:\users\danial\documents\github\rpg\assemblies\rpgtest.dll" id="c99d32b0-3647-8020-20e0-20dc007a0a3d">
      <Execution id="d71b1cb8-9a9f-4e06-806c-3f0f6911577f" />
      <TestMethod codeBase="C:/Users/Danial/Documents/GitHub/RPG/Assemblies/RPGTest.DLL" adapterTypeName="Microsoft.VisualStudio.TestTools.TestTypes.Unit.UnitTestAdapter, Microsoft.VisualStudio.QualityTools.Tips.UnitTest.Adapter, Version=10.0.0.0, Culture=neutral, PublicKeyToken=b03f5f7f11d50a3a" className="RPGTest.DieTest, RPGTest, Version=1.0.0.0, Culture=neutral, PublicKeyToken=null" name="DieConstructorTest1" />
    </UnitTest>
    <UnitTest name="RollTest" storage="c:\users\danial\documents\github\rpg\assemblies\rpgtest.dll" id="707e507e-fd17-e1bf-275c-0ded5128e2a2">
      <Execution id="37a265d0-1473-41dc-92c8-cbc079a69d1a" />
      <TestMethod codeBase="C:/Users/Danial/Documents/GitHub/RPG/Assemblies/RPGTest.DLL" adapterTypeName="Microsoft.VisualStudio.TestTools.TestTypes.Unit.UnitTestAdapter, Microsoft.VisualStudio.QualityTools.Tips.UnitTest.Adapter, Version=10.0.0.0, Culture=neutral, PublicKeyToken=b03f5f7f11d50a3a" className="RPGTest.DieTest, RPGTest, Version=1.0.0.0, Culture=neutral, PublicKeyToken=null" name="RollTest" />
    </UnitTest>
    <UnitTest name="RollTest1d1" storage="c:\users\danial\documents\github\rpg\assemblies\rpgtest.dll" id="075434e3-e103-d829-5145-c369a2860765">
      <Execution id="4babc587-1bee-495c-a094-537290f061cb" />
      <TestMethod codeBase="C:/Users/Danial/Documents/GitHub/RPG/Assemblies/RPGTest.DLL" adapterTypeName="Microsoft.VisualStudio.TestTools.TestTypes.Unit.UnitTestAdapter, Microsoft.VisualStudio.QualityTools.Tips.UnitTest.Adapter, Version=10.0.0.0, Culture=neutral, PublicKeyToken=b03f5f7f11d50a3a" className="RPGTest.DiceParserTest, RPGTest, Version=1.0.0.0, Culture=neutral, PublicKeyToken=null" name="RollTest1d1" />
    </UnitTest>
    <UnitTest name="RollTest1d1Add1Add1" storage="c:\users\danial\documents\github\rpg\assemblies\rpgtest.dll" id="c45b81b6-2679-7675-5083-89585994de9d">
      <Execution id="aba66025-7cab-460f-9904-62756d2701f2" />
      <TestMethod codeBase="C:/Users/Danial/Documents/GitHub/RPG/Assemblies/RPGTest.DLL" adapterTypeName="Microsoft.VisualStudio.TestTools.TestTypes.Unit.UnitTestAdapter, Microsoft.VisualStudio.QualityTools.Tips.UnitTest.Adapter, Version=10.0.0.0, Culture=neutral, PublicKeyToken=b03f5f7f11d50a3a" className="RPGTest.DiceParserTest, RPGTest, Version=1.0.0.0, Culture=neutral, PublicKeyToken=null" name="RollTest1d1Add1Add1" />
    </UnitTest>
    <UnitTest name="RollTest2d1Mul3d1" storage="c:\users\danial\documents\github\rpg\assemblies\rpgtest.dll" id="a39910d9-a185-216a-6496-802afb0d62c8">
      <Execution id="53473c7e-88ca-410d-876c-507309be4213" />
      <TestMethod codeBase="C:/Users/Danial/Documents/GitHub/RPG/Assemblies/RPGTest.DLL" adapterTypeName="Microsoft.VisualStudio.TestTools.TestTypes.Unit.UnitTestAdapter, Microsoft.VisualStudio.QualityTools.Tips.UnitTest.Adapter, Version=10.0.0.0, Culture=neutral, PublicKeyToken=b03f5f7f11d50a3a" className="RPGTest.DiceParserTest, RPGTest, Version=1.0.0.0, Culture=neutral, PublicKeyToken=null" name="RollTest2d1Mul3d1" />
    </UnitTest>
    <UnitTest name="RollTest1d1Add1" storage="c:\users\danial\documents\github\rpg\assemblies\rpgtest.dll" id="d5c306b1-ba41-3ceb-a229-57b2f161b761">
      <Execution id="4220e298-d6fc-459b-82d4-f4c6d00bfe31" />
      <TestMethod codeBase="C:/Users/Danial/Documents/GitHub/RPG/Assemblies/RPGTest.DLL" adapterTypeName="Microsoft.VisualStudio.TestTools.TestTypes.Unit.UnitTestAdapter, Microsoft.VisualStudio.QualityTools.Tips.UnitTest.Adapter, Version=10.0.0.0, Culture=neutral, PublicKeyToken=b03f5f7f11d50a3a" className="RPGTest.DiceParserTest, RPGTest, Version=1.0.0.0, Culture=neutral, PublicKeyToken=null" name="RollTest1d1Add1" />
    </UnitTest>
    <UnitTest name="RollTest1d1Mul3" storage="c:\users\danial\documents\github\rpg\assemblies\rpgtest.dll" id="594f7b09-c534-fbe8-9d4a-1cba099beed5">
      <Execution id="a2592c50-4834-451c-bc73-049ca942a5a7" />
      <TestMethod codeBase="C:/Users/Danial/Documents/GitHub/RPG/Assemblies/RPGTest.DLL" adapterTypeName="Microsoft.VisualStudio.TestTools.TestTypes.Unit.UnitTestAdapter, Microsoft.VisualStudio.QualityTools.Tips.UnitTest.Adapter, Version=10.0.0.0, Culture=neutral, PublicKeyToken=b03f5f7f11d50a3a" className="RPGTest.DiceParserTest, RPGTest, Version=1.0.0.0, Culture=neutral, PublicKeyToken=null" name="RollTest1d1Mul3" />
    </UnitTest>
    <UnitTest name="DieConstructorTest" storage="c:\users\danial\documents\github\rpg\assemblies\rpgtest.dll" id="f2b0ebc9-92d7-aa3a-55b5-8f79c09df496">
      <Execution id="044f6332-f75e-45ec-9be5-cc784a686f27" />
      <TestMethod codeBase="C:/Users/Danial/Documents/GitHub/RPG/Assemblies/RPGTest.DLL" adapterTypeName="Microsoft.VisualStudio.TestTools.TestTypes.Unit.UnitTestAdapter, Microsoft.VisualStudio.QualityTools.Tips.UnitTest.Adapter, Version=10.0.0.0, Culture=neutral, PublicKeyToken=b03f5f7f11d50a3a" className="RPGTest.DieTest, RPGTest, Version=1.0.0.0, Culture=neutral, PublicKeyToken=null" name="DieConstructorTest" />
    </UnitTest>
    <UnitTest name="RollTest3d1Sub1d1" storage="c:\users\danial\documents\github\rpg\assemblies\rpgtest.dll" id="3e5b43b0-f69e-6036-78d9-8b8fa5112ba9">
      <Execution id="e2a5cda9-da08-4eec-a616-faa5ae7575fb" />
      <TestMethod codeBase="C:/Users/Danial/Documents/GitHub/RPG/Assemblies/RPGTest.DLL" adapterTypeName="Microsoft.VisualStudio.TestTools.TestTypes.Unit.UnitTestAdapter, Microsoft.VisualStudio.QualityTools.Tips.UnitTest.Adapter, Version=10.0.0.0, Culture=neutral, PublicKeyToken=b03f5f7f11d50a3a" className="RPGTest.DiceParserTest, RPGTest, Version=1.0.0.0, Culture=neutral, PublicKeyToken=null" name="RollTest3d1Sub1d1" />
    </UnitTest>
    <UnitTest name="RollTest1d1Add1Mul3" storage="c:\users\danial\documents\github\rpg\assemblies\rpgtest.dll" id="07d35cc0-5f84-71b9-c09d-3470390d331a">
      <Execution id="553cdc20-c310-45af-80ad-91a1692549da" />
      <TestMethod codeBase="C:/Users/Danial/Documents/GitHub/RPG/Assemblies/RPGTest.DLL" adapterTypeName="Microsoft.VisualStudio.TestTools.TestTypes.Unit.UnitTestAdapter, Microsoft.VisualStudio.QualityTools.Tips.UnitTest.Adapter, Version=10.0.0.0, Culture=neutral, PublicKeyToken=b03f5f7f11d50a3a" className="RPGTest.DiceParserTest, RPGTest, Version=1.0.0.0, Culture=neutral, PublicKeyToken=null" name="RollTest1d1Add1Mul3" />
    </UnitTest>
    <UnitTest name="RollTest1d1Sub1" storage="c:\users\danial\documents\github\rpg\assemblies\rpgtest.dll" id="b10ebec1-2ac3-f1ca-ba26-6e1ad7d7075a">
      <Execution id="73926c64-5bbf-4da6-9a27-2aab10748805" />
      <TestMethod codeBase="C:/Users/Danial/Documents/GitHub/RPG/Assemblies/RPGTest.DLL" adapterTypeName="Microsoft.VisualStudio.TestTools.TestTypes.Unit.UnitTestAdapter, Microsoft.VisualStudio.QualityTools.Tips.UnitTest.Adapter, Version=10.0.0.0, Culture=neutral, PublicKeyToken=b03f5f7f11d50a3a" className="RPGTest.DiceParserTest, RPGTest, Version=1.0.0.0, Culture=neutral, PublicKeyToken=null" name="RollTest1d1Sub1" />
    </UnitTest>
    <UnitTest name="RollTest1d1Add3d1" storage="c:\users\danial\documents\github\rpg\assemblies\rpgtest.dll" id="df1b4648-1710-c997-2724-7e108ca2e85b">
      <Execution id="d32e64c2-4f42-4573-8b65-8ec49a45fa37" />
      <TestMethod codeBase="C:/Users/Danial/Documents/GitHub/RPG/Assemblies/RPGTest.DLL" adapterTypeName="Microsoft.VisualStudio.TestTools.TestTypes.Unit.UnitTestAdapter, Microsoft.VisualStudio.QualityTools.Tips.UnitTest.Adapter, Version=10.0.0.0, Culture=neutral, PublicKeyToken=b03f5f7f11d50a3a" className="RPGTest.DiceParserTest, RPGTest, Version=1.0.0.0, Culture=neutral, PublicKeyToken=null" name="RollTest1d1Add3d1" />
    </UnitTest>
    <UnitTest name="NumSidesTest" storage="c:\users\danial\documents\github\rpg\assemblies\rpgtest.dll" id="b1cc14e4-6e4b-2742-55fe-6ed71bc67fdf">
      <Execution id="c5c0c678-bb5d-4beb-a93f-e21346e04967" />
      <TestMethod codeBase="C:/Users/Danial/Documents/GitHub/RPG/Assemblies/RPGTest.DLL" adapterTypeName="Microsoft.VisualStudio.TestTools.TestTypes.Unit.UnitTestAdapter, Microsoft.VisualStudio.QualityTools.Tips.UnitTest.Adapter, Version=10.0.0.0, Culture=neutral, PublicKeyToken=b03f5f7f11d50a3a" className="RPGTest.DieTest, RPGTest, Version=1.0.0.0, Culture=neutral, PublicKeyToken=null" name="NumSidesTest" />
    </UnitTest>
    <UnitTest name="RollTest1d1Add1Sub1" storage="c:\users\danial\documents\github\rpg\assemblies\rpgtest.dll" id="749c9363-176f-3ec8-18aa-70765e5a0b66">
      <Execution id="ac91fbbe-8f90-455f-8f50-d79d6f095ff2" />
      <TestMethod codeBase="C:/Users/Danial/Documents/GitHub/RPG/Assemblies/RPGTest.DLL" adapterTypeName="Microsoft.VisualStudio.TestTools.TestTypes.Unit.UnitTestAdapter, Microsoft.VisualStudio.QualityTools.Tips.UnitTest.Adapter, Version=10.0.0.0, Culture=neutral, PublicKeyToken=b03f5f7f11d50a3a" className="RPGTest.DiceParserTest, RPGTest, Version=1.0.0.0, Culture=neutral, PublicKeyToken=null" name="RollTest1d1Add1Sub1" />
    </UnitTest>
    <UnitTest name="RollTest1d1Mul0" storage="c:\users\danial\documents\github\rpg\assemblies\rpgtest.dll" id="f2c43a54-11e4-ccba-49c8-4a3ee377f3a1">
      <Execution id="0779e277-5fe8-4e28-9f21-689685ed9d4f" />
      <TestMethod codeBase="C:/Users/Danial/Documents/GitHub/RPG/Assemblies/RPGTest.DLL" adapterTypeName="Microsoft.VisualStudio.TestTools.TestTypes.Unit.UnitTestAdapter, Microsoft.VisualStudio.QualityTools.Tips.UnitTest.Adapter, Version=10.0.0.0, Culture=neutral, PublicKeyToken=b03f5f7f11d50a3a" className="RPGTest.DiceParserTest, RPGTest, Version=1.0.0.0, Culture=neutral, PublicKeyToken=null" name="RollTest1d1Mul0" />
    </UnitTest>
    <UnitTest name="RollTest1" storage="c:\users\danial\documents\github\rpg\assemblies\rpgtest.dll" id="9f743059-7240-8918-bfad-bd23f3903cee">
      <Execution id="9744aca6-fa65-414c-8a7a-5c7a4519b3e2" />
      <TestMethod codeBase="C:/Users/Danial/Documents/GitHub/RPG/Assemblies/RPGTest.DLL" adapterTypeName="Microsoft.VisualStudio.TestTools.TestTypes.Unit.UnitTestAdapter, Microsoft.VisualStudio.QualityTools.Tips.UnitTest.Adapter, Version=10.0.0.0, Culture=neutral, PublicKeyToken=b03f5f7f11d50a3a" className="RPGTest.DiceParserTest, RPGTest, Version=1.0.0.0, Culture=neutral, PublicKeyToken=null" name="RollTest1" />
    </UnitTest>
  </TestDefinitions>
  <TestLists>
    <TestList name="Results Not in a List" id="8c84fa94-04c1-424b-9868-57a2d4851a1d" />
    <TestList name="All Loaded Results" id="19431567-8539-422a-85d7-44ee4e166bda" />
  </TestLists>
  <TestEntries>
    <TestEntry testId="075434e3-e103-d829-5145-c369a2860765" executionId="4babc587-1bee-495c-a094-537290f061cb" testListId="8c84fa94-04c1-424b-9868-57a2d4851a1d" />
    <TestEntry testId="07d35cc0-5f84-71b9-c09d-3470390d331a" executionId="553cdc20-c310-45af-80ad-91a1692549da" testListId="8c84fa94-04c1-424b-9868-57a2d4851a1d" />
    <TestEntry testId="3e5b43b0-f69e-6036-78d9-8b8fa5112ba9" executionId="e2a5cda9-da08-4eec-a616-faa5ae7575fb" testListId="8c84fa94-04c1-424b-9868-57a2d4851a1d" />
    <TestEntry testId="594f7b09-c534-fbe8-9d4a-1cba099beed5" executionId="a2592c50-4834-451c-bc73-049ca942a5a7" testListId="8c84fa94-04c1-424b-9868-57a2d4851a1d" />
    <TestEntry testId="707e507e-fd17-e1bf-275c-0ded5128e2a2" executionId="37a265d0-1473-41dc-92c8-cbc079a69d1a" testListId="8c84fa94-04c1-424b-9868-57a2d4851a1d" />
    <TestEntry testId="749c9363-176f-3ec8-18aa-70765e5a0b66" executionId="ac91fbbe-8f90-455f-8f50-d79d6f095ff2" testListId="8c84fa94-04c1-424b-9868-57a2d4851a1d" />
    <TestEntry testId="9f743059-7240-8918-bfad-bd23f3903cee" executionId="9744aca6-fa65-414c-8a7a-5c7a4519b3e2" testListId="8c84fa94-04c1-424b-9868-57a2d4851a1d" />
    <TestEntry testId="a39910d9-a185-216a-6496-802afb0d62c8" executionId="53473c7e-88ca-410d-876c-507309be4213" testListId="8c84fa94-04c1-424b-9868-57a2d4851a1d" />
    <TestEntry testId="b10ebec1-2ac3-f1ca-ba26-6e1ad7d7075a" executionId="73926c64-5bbf-4da6-9a27-2aab10748805" testListId="8c84fa94-04c1-424b-9868-57a2d4851a1d" />
    <TestEntry testId="b1cc14e4-6e4b-2742-55fe-6ed71bc67fdf" executionId="c5c0c678-bb5d-4beb-a93f-e21346e04967" testListId="8c84fa94-04c1-424b-9868-57a2d4851a1d" />
    <TestEntry testId="c45b81b6-2679-7675-5083-89585994de9d" executionId="aba66025-7cab-460f-9904-62756d2701f2" testListId="8c84fa94-04c1-424b-9868-57a2d4851a1d" />
    <TestEntry testId="c99d32b0-3647-8020-20e0-20dc007a0a3d" executionId="d71b1cb8-9a9f-4e06-806c-3f0f6911577f" testListId="8c84fa94-04c1-424b-9868-57a2d4851a1d" />
    <TestEntry testId="d5c306b1-ba41-3ceb-a229-57b2f161b761" executionId="4220e298-d6fc-459b-82d4-f4c6d00bfe31" testListId="8c84fa94-04c1-424b-9868-57a2d4851a1d" />
    <TestEntry testId="df1b4648-1710-c997-2724-7e108ca2e85b" executionId="d32e64c2-4f42-4573-8b65-8ec49a45fa37" testListId="8c84fa94-04c1-424b-9868-57a2d4851a1d" />
    <TestEntry testId="f2b0ebc9-92d7-aa3a-55b5-8f79c09df496" executionId="044f6332-f75e-45ec-9be5-cc784a686f27" testListId="8c84fa94-04c1-424b-9868-57a2d4851a1d" />
    <TestEntry testId="f2c43a54-11e4-ccba-49c8-4a3ee377f3a1" executionId="0779e277-5fe8-4e28-9f21-689685ed9d4f" testListId="8c84fa94-04c1-424b-9868-57a2d4851a1d" />
  </TestEntries>
  <Results>
    <UnitTestResult executionId="4babc587-1bee-495c-a094-537290f061cb" testId="075434e3-e103-d829-5145-c369a2860765" testName="RollTest1d1" computerName="DANIAL-ASUS" duration="00:00:00.0534196" startTime="2015-02-10T21:51:34.2721119-06:00" endTime="2015-02-10T21:51:35.4574685-06:00" testType="13cdc9d9-ddb5-4fa4-a97d-d965ccfc6d4b" outcome="Passed" testListId="8c84fa94-04c1-424b-9868-57a2d4851a1d" relativeResultsDirectory="4babc587-1bee-495c-a094-537290f061cb">
    </UnitTestResult>
    <UnitTestResult executionId="553cdc20-c310-45af-80ad-91a1692549da" testId="07d35cc0-5f84-71b9-c09d-3470390d331a" testName="RollTest1d1Add1Mul3" computerName="DANIAL-ASUS" duration="00:00:00.0037748" startTime="2015-02-10T21:51:35.4794832-06:00" endTime="2015-02-10T21:51:35.5034986-06:00" testType="13cdc9d9-ddb5-4fa4-a97d-d965ccfc6d4b" outcome="Passed" testListId="8c84fa94-04c1-424b-9868-57a2d4851a1d" relativeResultsDirectory="553cdc20-c310-45af-80ad-91a1692549da">
    </UnitTestResult>
    <UnitTestResult executionId="e2a5cda9-da08-4eec-a616-faa5ae7575fb" testId="3e5b43b0-f69e-6036-78d9-8b8fa5112ba9" testName="RollTest3d1Sub1d1" computerName="DANIAL-ASUS" duration="00:00:00.0004036" startTime="2015-02-10T21:51:35.5465277-06:00" endTime="2015-02-10T21:51:35.5660416-06:00" testType="13cdc9d9-ddb5-4fa4-a97d-d965ccfc6d4b" outcome="Passed" testListId="8c84fa94-04c1-424b-9868-57a2d4851a1d" relativeResultsDirectory="e2a5cda9-da08-4eec-a616-faa5ae7575fb">
    </UnitTestResult>
    <UnitTestResult executionId="a2592c50-4834-451c-bc73-049ca942a5a7" testId="594f7b09-c534-fbe8-9d4a-1cba099beed5" testName="RollTest1d1Mul3" computerName="DANIAL-ASUS" duration="00:00:00.0003749" startTime="2015-02-10T21:51:35.5800509-06:00" endTime="2015-02-10T21:51:35.5990626-06:00" testType="13cdc9d9-ddb5-4fa4-a97d-d965ccfc6d4b" outcome="Passed" testListId="8c84fa94-04c1-424b-9868-57a2d4851a1d" relativeResultsDirectory="a2592c50-4834-451c-bc73-049ca942a5a7">
    </UnitTestResult>
    <UnitTestResult executionId="37a265d0-1473-41dc-92c8-cbc079a69d1a" testId="707e507e-fd17-e1bf-275c-0ded5128e2a2" testName="RollTest" computerName="DANIAL-ASUS" duration="00:00:00.0011098" startTime="2015-02-10T21:51:35.6711395-06:00" endTime="2015-02-10T21:51:35.6931535-06:00" testType="13cdc9d9-ddb5-4fa4-a97d-d965ccfc6d4b" outcome="Passed" testListId="8c84fa94-04c1-424b-9868-57a2d4851a1d" relativeResultsDirectory="37a265d0-1473-41dc-92c8-cbc079a69d1a">
    </UnitTestResult>
    <UnitTestResult executionId="ac91fbbe-8f90-455f-8f50-d79d6f095ff2" testId="749c9363-176f-3ec8-18aa-70765e5a0b66" testName="RollTest1d1Add1Sub1" computerName="DANIAL-ASUS" duration="00:00:00.0004050" startTime="2015-02-10T21:51:35.7471903-06:00" endTime="2015-02-10T21:51:35.7762093-06:00" testType="13cdc9d9-ddb5-4fa4-a97d-d965ccfc6d4b" outcome="Passed" testListId="8c84fa94-04c1-424b-9868-57a2d4851a1d" relativeResultsDirectory="ac91fbbe-8f90-455f-8f50-d79d6f095ff2">
    </UnitTestResult>
    <UnitTestResult executionId="9744aca6-fa65-414c-8a7a-5c7a4519b3e2" testId="9f743059-7240-8918-bfad-bd23f3903cee" testName="RollTest1" computerName="DANIAL-ASUS" duration="00:00:00.0003763" startTime="2015-02-10T21:51:35.8072304-06:00" endTime="2015-02-10T21:51:35.8232411-06:00" testType="13cdc9d9-ddb5-4fa4-a97d-d965ccfc6d4b" outcome="Passed" testListId="8c84fa94-04c1-424b-9868-57a2d4851a1d" relativeResultsDirectory="9744aca6-fa65-414c-8a7a-5c7a4519b3e2">
    </UnitTestResult>
    <UnitTestResult executionId="53473c7e-88ca-410d-876c-507309be4213" testId="a39910d9-a185-216a-6496-802afb0d62c8" testName="RollTest2d1Mul3d1" computerName="DANIAL-ASUS" duration="00:00:00.0004098" startTime="2015-02-10T21:51:35.8442781-06:00" endTime="2015-02-10T21:51:35.8672938-06:00" testType="13cdc9d9-ddb5-4fa4-a97d-d965ccfc6d4b" outcome="Passed" testListId="8c84fa94-04c1-424b-9868-57a2d4851a1d" relativeResultsDirectory="53473c7e-88ca-410d-876c-507309be4213">
    </UnitTestResult>
    <UnitTestResult executionId="73926c64-5bbf-4da6-9a27-2aab10748805" testId="b10ebec1-2ac3-f1ca-ba26-6e1ad7d7075a" testName="RollTest1d1Sub1" computerName="DANIAL-ASUS" duration="00:00:00.0009797" startTime="2015-02-10T21:51:35.8848050-06:00" endTime="2015-02-10T21:51:35.9073198-06:00" testType="13cdc9d9-ddb5-4fa4-a97d-d965ccfc6d4b" outcome="Passed" testListId="8c84fa94-04c1-424b-9868-57a2d4851a1d" relativeResultsDirectory="73926c64-5bbf-4da6-9a27-2aab10748805">
    </UnitTestResult>
    <UnitTestResult executionId="c5c0c678-bb5d-4beb-a93f-e21346e04967" testId="b1cc14e4-6e4b-2742-55fe-6ed71bc67fdf" testName="NumSidesTest" computerName="DANIAL-ASUS" duration="00:00:00.0007396" startTime="2015-02-10T21:51:35.9273339-06:00" endTime="2015-02-10T21:51:35.9748651-06:00" testType="13cdc9d9-ddb5-4fa4-a97d-d965ccfc6d4b" outcome="Passed" testListId="8c84fa94-04c1-424b-9868-57a2d4851a1d" relativeResultsDirectory="c5c0c678-bb5d-4beb-a93f-e21346e04967">
    </UnitTestResult>
    <UnitTestResult executionId="aba66025-7cab-460f-9904-62756d2701f2" testId="c45b81b6-2679-7675-5083-89585994de9d" testName="RollTest1d1Add1Add1" computerName="DANIAL-ASUS" duration="00:00:00.0004023" startTime="2015-02-10T21:51:36.0243984-06:00" endTime="2015-02-10T21:51:36.0524164-06:00" testType="13cdc9d9-ddb5-4fa4-a97d-d965ccfc6d4b" outcome="Passed" testListId="8c84fa94-04c1-424b-9868-57a2d4851a1d" relativeResultsDirectory="aba66025-7cab-460f-9904-62756d2701f2">
    </UnitTestResult>
    <UnitTestResult executionId="d71b1cb8-9a9f-4e06-806c-3f0f6911577f" testId="c99d32b0-3647-8020-20e0-20dc007a0a3d" testName="DieConstructorTest1" computerName="DANIAL-ASUS" duration="00:00:00.0003537" startTime="2015-02-10T21:51:36.0664265-06:00" endTime="2015-02-10T21:51:36.0834375-06:00" testType="13cdc9d9-ddb5-4fa4-a97d-d965ccfc6d4b" outcome="Passed" testListId="8c84fa94-04c1-424b-9868-57a2d4851a1d" relativeResultsDirectory="d71b1cb8-9a9f-4e06-806c-3f0f6911577f">
    </UnitTestResult>
    <UnitTestResult executionId="4220e298-d6fc-459b-82d4-f4c6d00bfe31" testId="d5c306b1-ba41-3ceb-a229-57b2f161b761" testName="RollTest1d1Add1" computerName="DANIAL-ASUS" duration="00:00:00.0003776" startTime="2015-02-10T21:51:36.1004492-06:00" endTime="2015-02-10T21:51:36.1179611-06:00" testType="13cdc9d9-ddb5-4fa4-a97d-d965ccfc6d4b" outcome="Passed" testListId="8c84fa94-04c1-424b-9868-57a2d4851a1d" relativeResultsDirectory="4220e298-d6fc-459b-82d4-f4c6d00bfe31">
    </UnitTestResult>
    <UnitTestResult executionId="d32e64c2-4f42-4573-8b65-8ec49a45fa37" testId="df1b4648-1710-c997-2724-7e108ca2e85b" testName="RollTest1d1Add3d1" computerName="DANIAL-ASUS" duration="00:00:00.0003626" startTime="2015-02-10T21:51:36.1329707-06:00" endTime="2015-02-10T21:51:36.1734976-06:00" testType="13cdc9d9-ddb5-4fa4-a97d-d965ccfc6d4b" outcome="Passed" testListId="8c84fa94-04c1-424b-9868-57a2d4851a1d" relativeResultsDirectory="d32e64c2-4f42-4573-8b65-8ec49a45fa37">
    </UnitTestResult>
    <UnitTestResult executionId="044f6332-f75e-45ec-9be5-cc784a686f27" testId="f2b0ebc9-92d7-aa3a-55b5-8f79c09df496" testName="DieConstructorTest" computerName="DANIAL-ASUS" duration="00:00:00.0003551" startTime="2015-02-10T21:51:36.2020172-06:00" endTime="2015-02-10T21:51:36.2255324-06:00" testType="13cdc9d9-ddb5-4fa4-a97d-d965ccfc6d4b" outcome="Passed" testListId="8c84fa94-04c1-424b-9868-57a2d4851a1d" relativeResultsDirectory="044f6332-f75e-45ec-9be5-cc784a686f27">
    </UnitTestResult>
    <UnitTestResult executionId="0779e277-5fe8-4e28-9f21-689685ed9d4f" testId="f2c43a54-11e4-ccba-49c8-4a3ee377f3a1" testName="RollTest1d1Mul0" computerName="DANIAL-ASUS" duration="00:00:00.0004146" startTime="2015-02-10T21:51:36.2685615-06:00" endTime="2015-02-10T21:51:36.3536187-06:00" testType="13cdc9d9-ddb5-4fa4-a97d-d965ccfc6d4b" outcome="Passed" testListId="8c84fa94-04c1-424b-9868-57a2d4851a1d" relativeResultsDirectory="0779e277-5fe8-4e28-9f21-689685ed9d4f">
    </UnitTestResult>
  </Results>
</TestRun>