<?xml version="1.0" encoding="UTF-8"?>
<TestRun id="0704613f-33c1-4521-a27e-1a2dde9e15ef" name="Danial@DANIAL-ASUS 2014-06-30 21:03:17" runUser="DANIAL-ASUS\Danial" xmlns="http://microsoft.com/schemas/VisualStudio/TeamTest/2010">
  <TestSettings name="Local" id="f4099e50-5f7e-4d66-893f-f079ed6f6c67">
    <Description>These are default test settings for a local test run.</Description>
    <Deployment enabled="false" runDeploymentRoot="Danial_DANIAL-ASUS 2014-06-30 21_03_17">
      <DeploymentItem filename="C:\Users\Danial\Documents\GitHub\RPG\RPG\bin\Debug\RPG.dll" />
      <DeploymentItem filename="C:\Users\Danial\Documents\GitHub\RPG\RPG.Dice\bin\Debug\RPG.Dice.dll" />
      <DeploymentItem filename="C:\Users\Danial\Documents\GitHub\RPG\RPG.Character\bin\Debug\RPG.Character.dll" />
      <DeploymentItem filename="C:\Users\Danial\Documents\GitHub\RPG\RPG.General\bin\Debug\RPG.General.dll" />
    </Deployment>
    <Execution>
      <TestTypeSpecific />
      <AgentRule name="Execution Agents">
      </AgentRule>
    </Execution>
  </TestSettings>
  <Times creation="2014-06-30T21:03:17.5748864-05:00" queuing="2014-06-30T21:03:18.0261849-05:00" start="2014-06-30T21:03:18.7156442-05:00" finish="2014-06-30T21:03:22.5942293-05:00" />
  <ResultSummary outcome="Failed">
    <Counters total="2" executed="2" error="0" failed="1" timeout="0" aborted="0" inconclusive="1" passedButRunAborted="0" notRunnable="0" notExecuted="0" disconnected="0" warning="0" passed="0" completed="0" inProgress="0" pending="0" />
    <RunInfos>
      <RunInfo computerName="DANIAL-ASUS" outcome="Warning" timestamp="2014-06-30T21:03:18.0231819-05:00">
        <Text>Deployment is currently disabled. The deployment item 'RPG.Character.dll' on test 'RPGTest.AgeCalculatorTest.AgeCalculatorConstructorTest' was not deployed.</Text>
      </RunInfo>
    </RunInfos>
  </ResultSummary>
  <TestDefinitions>
    <UnitTest name="AgeCalculatorConstructorTest" storage="c:\users\danial\documents\github\rpg\rpgtest\bin\debug\rpgtest.dll" id="ea470670-ebd7-5d09-3dbf-54a71f75f0d7">
      <DeploymentItems>
        <DeploymentItem filename="RPG.Character.dll" />
      </DeploymentItems>
      <Execution id="d2aeab3e-c41e-427c-b552-e5ac7d981855" />
      <TestMethod codeBase="C:/Users/Danial/Documents/GitHub/RPG/RPGTest/bin/Debug/RPGTest.DLL" adapterTypeName="Microsoft.VisualStudio.TestTools.TestTypes.Unit.UnitTestAdapter, Microsoft.VisualStudio.QualityTools.Tips.UnitTest.Adapter, Version=10.0.0.0, Culture=neutral, PublicKeyToken=b03f5f7f11d50a3a" className="RPGTest.AgeCalculatorTest, RPGTest, Version=1.0.0.0, Culture=neutral, PublicKeyToken=null" name="AgeCalculatorConstructorTest" />
    </UnitTest>
    <UnitTest name="BeginningAgeTest" storage="c:\users\danial\documents\github\rpg\rpgtest\bin\debug\rpgtest.dll" id="2f0c1c26-b68f-63e8-a01f-2cd39f82fd42">
      <DeploymentItems>
        <DeploymentItem filename="RPG.Character.dll" />
      </DeploymentItems>
      <Execution id="8048a43c-40ee-494b-9aed-9ca765139c2f" />
      <TestMethod codeBase="C:/Users/Danial/Documents/GitHub/RPG/RPGTest/bin/Debug/RPGTest.DLL" adapterTypeName="Microsoft.VisualStudio.TestTools.TestTypes.Unit.UnitTestAdapter, Microsoft.VisualStudio.QualityTools.Tips.UnitTest.Adapter, Version=10.0.0.0, Culture=neutral, PublicKeyToken=b03f5f7f11d50a3a" className="RPGTest.AgeCalculatorTest, RPGTest, Version=1.0.0.0, Culture=neutral, PublicKeyToken=null" name="BeginningAgeTest" />
    </UnitTest>
  </TestDefinitions>
  <TestLists>
    <TestList name="Results Not in a List" id="8c84fa94-04c1-424b-9868-57a2d4851a1d" />
    <TestList name="All Loaded Results" id="19431567-8539-422a-85d7-44ee4e166bda" />
  </TestLists>
  <TestEntries>
    <TestEntry testId="2f0c1c26-b68f-63e8-a01f-2cd39f82fd42" executionId="8048a43c-40ee-494b-9aed-9ca765139c2f" testListId="8c84fa94-04c1-424b-9868-57a2d4851a1d" />
    <TestEntry testId="ea470670-ebd7-5d09-3dbf-54a71f75f0d7" executionId="d2aeab3e-c41e-427c-b552-e5ac7d981855" testListId="8c84fa94-04c1-424b-9868-57a2d4851a1d" />
  </TestEntries>
  <Results>
    <UnitTestResult executionId="8048a43c-40ee-494b-9aed-9ca765139c2f" testId="2f0c1c26-b68f-63e8-a01f-2cd39f82fd42" testName="BeginningAgeTest" computerName="DANIAL-ASUS" duration="00:00:01.3070553" startTime="2014-06-30T21:03:19.1439297-05:00" endTime="2014-06-30T21:03:22.4231162-05:00" testType="13cdc9d9-ddb5-4fa4-a97d-d965ccfc6d4b" outcome="Failed" testListId="8c84fa94-04c1-424b-9868-57a2d4851a1d" relativeResultsDirectory="8048a43c-40ee-494b-9aed-9ca765139c2f">
      <Output>
        <ErrorInfo>
          <Message>Test method RPGTest.AgeCalculatorTest.BeginningAgeTest threw exception: 
System.IndexOutOfRangeException: Index was outside the bounds of the array.</Message>
          <StackTrace>   at RPG.Character.Age.AgeCalculator_Accessor.BeginningAge(String race, String classType)
   at RPGTest.AgeCalculatorTest.BeginningAgeTest() in C:\Users\Danial\Documents\GitHub\RPG\RPGTest\AgeCalculatorTest.cs:line 79
</StackTrace>
        </ErrorInfo>
      </Output>
    </UnitTestResult>
    <UnitTestResult executionId="d2aeab3e-c41e-427c-b552-e5ac7d981855" testId="ea470670-ebd7-5d09-3dbf-54a71f75f0d7" testName="AgeCalculatorConstructorTest" computerName="DANIAL-ASUS" duration="00:00:00.0352611" startTime="2014-06-30T21:03:22.4291209-05:00" endTime="2014-06-30T21:03:22.4801532-05:00" testType="13cdc9d9-ddb5-4fa4-a97d-d965ccfc6d4b" outcome="Inconclusive" testListId="8c84fa94-04c1-424b-9868-57a2d4851a1d" relativeResultsDirectory="d2aeab3e-c41e-427c-b552-e5ac7d981855">
      <Output>
        <ErrorInfo>
          <Message>Assert.Inconclusive failed. TODO: Implement code to verify target</Message>
          <StackTrace>   at RPGTest.AgeCalculatorTest.AgeCalculatorConstructorTest() in C:\Users\Danial\Documents\GitHub\RPG\RPGTest\AgeCalculatorTest.cs:line 92
</StackTrace>
        </ErrorInfo>
      </Output>
    </UnitTestResult>
  </Results>
</TestRun>