<?xml version="1.0" encoding="UTF-8"?>
<TestRun id="1408c34b-3227-4046-9a93-26d40152fd51" name="Danial@DANIAL-ASUS 2014-07-02 14:52:12" runUser="DANIAL-ASUS\Danial" xmlns="http://microsoft.com/schemas/VisualStudio/TeamTest/2010">
  <TestSettings name="Local" id="f4099e50-5f7e-4d66-893f-f079ed6f6c67">
    <Description>These are default test settings for a local test run.</Description>
    <Deployment enabled="false" runDeploymentRoot="Danial_DANIAL-ASUS 2014-07-02 14_52_12">
      <DeploymentItem filename="C:\Users\Danial\Documents\GitHub\RPG\Assemblies\RPG.RollDice.dll" />
      <DeploymentItem filename="C:\Users\Danial\Documents\GitHub\RPG\Assemblies\RPG.exe" />
      <DeploymentItem filename="C:\Users\Danial\Documents\GitHub\RPG\Assemblies\RPG.Character.dll" />
      <DeploymentItem filename="C:\Users\Danial\Documents\GitHub\RPG\Assemblies\RPG.General.dll" />
    </Deployment>
    <Execution>
      <TestTypeSpecific />
      <AgentRule name="Execution Agents">
      </AgentRule>
    </Execution>
  </TestSettings>
  <Times creation="2014-07-02T14:52:12.3067238-05:00" queuing="2014-07-02T14:52:12.3587599-05:00" start="2014-07-02T14:52:12.3757702-05:00" finish="2014-07-02T14:52:13.1963172-05:00" />
  <ResultSummary outcome="Completed">
    <Counters total="12" executed="12" passed="12" error="0" failed="0" timeout="0" aborted="0" inconclusive="0" passedButRunAborted="0" notRunnable="0" notExecuted="0" disconnected="0" warning="0" completed="0" inProgress="0" pending="0" />
  </ResultSummary>
  <TestDefinitions>
    <UnitTest name="RollTest1d1Add1Mul3" storage="c:\users\danial\documents\github\rpg\assemblies\rpgtest.dll" id="07d35cc0-5f84-71b9-c09d-3470390d331a">
      <Execution id="a9373cf6-da55-4bb4-b689-fdf8054728ad" />
      <TestMethod codeBase="C:/Users/Danial/Documents/GitHub/RPG/Assemblies/RPGTest.DLL" adapterTypeName="Microsoft.VisualStudio.TestTools.TestTypes.Unit.UnitTestAdapter, Microsoft.VisualStudio.QualityTools.Tips.UnitTest.Adapter, Version=10.0.0.0, Culture=neutral, PublicKeyToken=b03f5f7f11d50a3a" className="RPGTest.DiceParserTest, RPGTest, Version=1.0.0.0, Culture=neutral, PublicKeyToken=null" name="RollTest1d1Add1Mul3" />
    </UnitTest>
    <UnitTest name="RollTest2d1Mul3d1" storage="c:\users\danial\documents\github\rpg\assemblies\rpgtest.dll" id="a39910d9-a185-216a-6496-802afb0d62c8">
      <Execution id="ac0e265b-13d7-4017-a0cf-d5dbd6073a65" />
      <TestMethod codeBase="C:/Users/Danial/Documents/GitHub/RPG/Assemblies/RPGTest.DLL" adapterTypeName="Microsoft.VisualStudio.TestTools.TestTypes.Unit.UnitTestAdapter, Microsoft.VisualStudio.QualityTools.Tips.UnitTest.Adapter, Version=10.0.0.0, Culture=neutral, PublicKeyToken=b03f5f7f11d50a3a" className="RPGTest.DiceParserTest, RPGTest, Version=1.0.0.0, Culture=neutral, PublicKeyToken=null" name="RollTest2d1Mul3d1" />
    </UnitTest>
    <UnitTest name="RollTest1d1Mul3" storage="c:\users\danial\documents\github\rpg\assemblies\rpgtest.dll" id="594f7b09-c534-fbe8-9d4a-1cba099beed5">
      <Execution id="886e1f3c-0449-427a-8568-845c4909b331" />
      <TestMethod codeBase="C:/Users/Danial/Documents/GitHub/RPG/Assemblies/RPGTest.DLL" adapterTypeName="Microsoft.VisualStudio.TestTools.TestTypes.Unit.UnitTestAdapter, Microsoft.VisualStudio.QualityTools.Tips.UnitTest.Adapter, Version=10.0.0.0, Culture=neutral, PublicKeyToken=b03f5f7f11d50a3a" className="RPGTest.DiceParserTest, RPGTest, Version=1.0.0.0, Culture=neutral, PublicKeyToken=null" name="RollTest1d1Mul3" />
    </UnitTest>
    <UnitTest name="RollTest1d1Add1Add1" storage="c:\users\danial\documents\github\rpg\assemblies\rpgtest.dll" id="c45b81b6-2679-7675-5083-89585994de9d">
      <Execution id="555ddec7-2559-4f5b-82c7-c6f4dca6b923" />
      <TestMethod codeBase="C:/Users/Danial/Documents/GitHub/RPG/Assemblies/RPGTest.DLL" adapterTypeName="Microsoft.VisualStudio.TestTools.TestTypes.Unit.UnitTestAdapter, Microsoft.VisualStudio.QualityTools.Tips.UnitTest.Adapter, Version=10.0.0.0, Culture=neutral, PublicKeyToken=b03f5f7f11d50a3a" className="RPGTest.DiceParserTest, RPGTest, Version=1.0.0.0, Culture=neutral, PublicKeyToken=null" name="RollTest1d1Add1Add1" />
    </UnitTest>
    <UnitTest name="RollTest1d1Sub1" storage="c:\users\danial\documents\github\rpg\assemblies\rpgtest.dll" id="b10ebec1-2ac3-f1ca-ba26-6e1ad7d7075a">
      <Execution id="f9172cd0-4da8-4343-9e24-4a9459c5495e" />
      <TestMethod codeBase="C:/Users/Danial/Documents/GitHub/RPG/Assemblies/RPGTest.DLL" adapterTypeName="Microsoft.VisualStudio.TestTools.TestTypes.Unit.UnitTestAdapter, Microsoft.VisualStudio.QualityTools.Tips.UnitTest.Adapter, Version=10.0.0.0, Culture=neutral, PublicKeyToken=b03f5f7f11d50a3a" className="RPGTest.DiceParserTest, RPGTest, Version=1.0.0.0, Culture=neutral, PublicKeyToken=null" name="RollTest1d1Sub1" />
    </UnitTest>
    <UnitTest name="RollTest1d1Add1Sub1" storage="c:\users\danial\documents\github\rpg\assemblies\rpgtest.dll" id="749c9363-176f-3ec8-18aa-70765e5a0b66">
      <Execution id="837dc5a5-1fa2-448e-bfb6-0df8b10a26d1" />
      <TestMethod codeBase="C:/Users/Danial/Documents/GitHub/RPG/Assemblies/RPGTest.DLL" adapterTypeName="Microsoft.VisualStudio.TestTools.TestTypes.Unit.UnitTestAdapter, Microsoft.VisualStudio.QualityTools.Tips.UnitTest.Adapter, Version=10.0.0.0, Culture=neutral, PublicKeyToken=b03f5f7f11d50a3a" className="RPGTest.DiceParserTest, RPGTest, Version=1.0.0.0, Culture=neutral, PublicKeyToken=null" name="RollTest1d1Add1Sub1" />
    </UnitTest>
    <UnitTest name="RollTest1d1" storage="c:\users\danial\documents\github\rpg\assemblies\rpgtest.dll" id="075434e3-e103-d829-5145-c369a2860765">
      <Execution id="8e771b4b-2cba-442a-bce4-4a40784381be" />
      <TestMethod codeBase="C:/Users/Danial/Documents/GitHub/RPG/Assemblies/RPGTest.DLL" adapterTypeName="Microsoft.VisualStudio.TestTools.TestTypes.Unit.UnitTestAdapter, Microsoft.VisualStudio.QualityTools.Tips.UnitTest.Adapter, Version=10.0.0.0, Culture=neutral, PublicKeyToken=b03f5f7f11d50a3a" className="RPGTest.DiceParserTest, RPGTest, Version=1.0.0.0, Culture=neutral, PublicKeyToken=null" name="RollTest1d1" />
    </UnitTest>
    <UnitTest name="RollTest1d1Mul0" storage="c:\users\danial\documents\github\rpg\assemblies\rpgtest.dll" id="f2c43a54-11e4-ccba-49c8-4a3ee377f3a1">
      <Execution id="fc3d1525-90bb-4675-9b48-6fdacfaa1d49" />
      <TestMethod codeBase="C:/Users/Danial/Documents/GitHub/RPG/Assemblies/RPGTest.DLL" adapterTypeName="Microsoft.VisualStudio.TestTools.TestTypes.Unit.UnitTestAdapter, Microsoft.VisualStudio.QualityTools.Tips.UnitTest.Adapter, Version=10.0.0.0, Culture=neutral, PublicKeyToken=b03f5f7f11d50a3a" className="RPGTest.DiceParserTest, RPGTest, Version=1.0.0.0, Culture=neutral, PublicKeyToken=null" name="RollTest1d1Mul0" />
    </UnitTest>
    <UnitTest name="RollTest3d1Sub1d1" storage="c:\users\danial\documents\github\rpg\assemblies\rpgtest.dll" id="3e5b43b0-f69e-6036-78d9-8b8fa5112ba9">
      <Execution id="aef0bae4-672b-4ef6-a9bc-620ffc0c6e9b" />
      <TestMethod codeBase="C:/Users/Danial/Documents/GitHub/RPG/Assemblies/RPGTest.DLL" adapterTypeName="Microsoft.VisualStudio.TestTools.TestTypes.Unit.UnitTestAdapter, Microsoft.VisualStudio.QualityTools.Tips.UnitTest.Adapter, Version=10.0.0.0, Culture=neutral, PublicKeyToken=b03f5f7f11d50a3a" className="RPGTest.DiceParserTest, RPGTest, Version=1.0.0.0, Culture=neutral, PublicKeyToken=null" name="RollTest3d1Sub1d1" />
    </UnitTest>
    <UnitTest name="RollTest1d1Add1" storage="c:\users\danial\documents\github\rpg\assemblies\rpgtest.dll" id="d5c306b1-ba41-3ceb-a229-57b2f161b761">
      <Execution id="66774d1f-5841-4849-bb3b-542c20324ea9" />
      <TestMethod codeBase="C:/Users/Danial/Documents/GitHub/RPG/Assemblies/RPGTest.DLL" adapterTypeName="Microsoft.VisualStudio.TestTools.TestTypes.Unit.UnitTestAdapter, Microsoft.VisualStudio.QualityTools.Tips.UnitTest.Adapter, Version=10.0.0.0, Culture=neutral, PublicKeyToken=b03f5f7f11d50a3a" className="RPGTest.DiceParserTest, RPGTest, Version=1.0.0.0, Culture=neutral, PublicKeyToken=null" name="RollTest1d1Add1" />
    </UnitTest>
    <UnitTest name="RollTest1" storage="c:\users\danial\documents\github\rpg\assemblies\rpgtest.dll" id="9f743059-7240-8918-bfad-bd23f3903cee">
      <Execution id="a8b9969a-750c-4d4e-b679-23bf5bf05552" />
      <TestMethod codeBase="C:/Users/Danial/Documents/GitHub/RPG/Assemblies/RPGTest.DLL" adapterTypeName="Microsoft.VisualStudio.TestTools.TestTypes.Unit.UnitTestAdapter, Microsoft.VisualStudio.QualityTools.Tips.UnitTest.Adapter, Version=10.0.0.0, Culture=neutral, PublicKeyToken=b03f5f7f11d50a3a" className="RPGTest.DiceParserTest, RPGTest, Version=1.0.0.0, Culture=neutral, PublicKeyToken=null" name="RollTest1" />
    </UnitTest>
    <UnitTest name="RollTest1d1Add3d1" storage="c:\users\danial\documents\github\rpg\assemblies\rpgtest.dll" id="df1b4648-1710-c997-2724-7e108ca2e85b">
      <Execution id="5ce16cf9-d091-43fe-a2ba-4d8fccd9c66b" />
      <TestMethod codeBase="C:/Users/Danial/Documents/GitHub/RPG/Assemblies/RPGTest.DLL" adapterTypeName="Microsoft.VisualStudio.TestTools.TestTypes.Unit.UnitTestAdapter, Microsoft.VisualStudio.QualityTools.Tips.UnitTest.Adapter, Version=10.0.0.0, Culture=neutral, PublicKeyToken=b03f5f7f11d50a3a" className="RPGTest.DiceParserTest, RPGTest, Version=1.0.0.0, Culture=neutral, PublicKeyToken=null" name="RollTest1d1Add3d1" />
    </UnitTest>
  </TestDefinitions>
  <TestLists>
    <TestList name="Results Not in a List" id="8c84fa94-04c1-424b-9868-57a2d4851a1d" />
    <TestList name="All Loaded Results" id="19431567-8539-422a-85d7-44ee4e166bda" />
  </TestLists>
  <TestEntries>
    <TestEntry testId="075434e3-e103-d829-5145-c369a2860765" executionId="8e771b4b-2cba-442a-bce4-4a40784381be" testListId="8c84fa94-04c1-424b-9868-57a2d4851a1d" />
    <TestEntry testId="07d35cc0-5f84-71b9-c09d-3470390d331a" executionId="a9373cf6-da55-4bb4-b689-fdf8054728ad" testListId="8c84fa94-04c1-424b-9868-57a2d4851a1d" />
    <TestEntry testId="3e5b43b0-f69e-6036-78d9-8b8fa5112ba9" executionId="aef0bae4-672b-4ef6-a9bc-620ffc0c6e9b" testListId="8c84fa94-04c1-424b-9868-57a2d4851a1d" />
    <TestEntry testId="594f7b09-c534-fbe8-9d4a-1cba099beed5" executionId="886e1f3c-0449-427a-8568-845c4909b331" testListId="8c84fa94-04c1-424b-9868-57a2d4851a1d" />
    <TestEntry testId="749c9363-176f-3ec8-18aa-70765e5a0b66" executionId="837dc5a5-1fa2-448e-bfb6-0df8b10a26d1" testListId="8c84fa94-04c1-424b-9868-57a2d4851a1d" />
    <TestEntry testId="9f743059-7240-8918-bfad-bd23f3903cee" executionId="a8b9969a-750c-4d4e-b679-23bf5bf05552" testListId="8c84fa94-04c1-424b-9868-57a2d4851a1d" />
    <TestEntry testId="a39910d9-a185-216a-6496-802afb0d62c8" executionId="ac0e265b-13d7-4017-a0cf-d5dbd6073a65" testListId="8c84fa94-04c1-424b-9868-57a2d4851a1d" />
    <TestEntry testId="b10ebec1-2ac3-f1ca-ba26-6e1ad7d7075a" executionId="f9172cd0-4da8-4343-9e24-4a9459c5495e" testListId="8c84fa94-04c1-424b-9868-57a2d4851a1d" />
    <TestEntry testId="c45b81b6-2679-7675-5083-89585994de9d" executionId="555ddec7-2559-4f5b-82c7-c6f4dca6b923" testListId="8c84fa94-04c1-424b-9868-57a2d4851a1d" />
    <TestEntry testId="d5c306b1-ba41-3ceb-a229-57b2f161b761" executionId="66774d1f-5841-4849-bb3b-542c20324ea9" testListId="8c84fa94-04c1-424b-9868-57a2d4851a1d" />
    <TestEntry testId="df1b4648-1710-c997-2724-7e108ca2e85b" executionId="5ce16cf9-d091-43fe-a2ba-4d8fccd9c66b" testListId="8c84fa94-04c1-424b-9868-57a2d4851a1d" />
    <TestEntry testId="f2c43a54-11e4-ccba-49c8-4a3ee377f3a1" executionId="fc3d1525-90bb-4675-9b48-6fdacfaa1d49" testListId="8c84fa94-04c1-424b-9868-57a2d4851a1d" />
  </TestEntries>
  <Results>
    <UnitTestResult executionId="8e771b4b-2cba-442a-bce4-4a40784381be" testId="075434e3-e103-d829-5145-c369a2860765" testName="RollTest1d1" computerName="DANIAL-ASUS" duration="00:00:00.0331325" startTime="2014-07-02T14:52:12.3817742-05:00" endTime="2014-07-02T14:52:12.8010534-05:00" testType="13cdc9d9-ddb5-4fa4-a97d-d965ccfc6d4b" outcome="Passed" testListId="8c84fa94-04c1-424b-9868-57a2d4851a1d" relativeResultsDirectory="8e771b4b-2cba-442a-bce4-4a40784381be">
    </UnitTestResult>
    <UnitTestResult executionId="a9373cf6-da55-4bb4-b689-fdf8054728ad" testId="07d35cc0-5f84-71b9-c09d-3470390d331a" testName="RollTest1d1Add1Mul3" computerName="DANIAL-ASUS" duration="00:00:00.0059472" startTime="2014-07-02T14:52:12.8180651-05:00" endTime="2014-07-02T14:52:12.8380784-05:00" testType="13cdc9d9-ddb5-4fa4-a97d-d965ccfc6d4b" outcome="Passed" testListId="8c84fa94-04c1-424b-9868-57a2d4851a1d" relativeResultsDirectory="a9373cf6-da55-4bb4-b689-fdf8054728ad">
    </UnitTestResult>
    <UnitTestResult executionId="aef0bae4-672b-4ef6-a9bc-620ffc0c6e9b" testId="3e5b43b0-f69e-6036-78d9-8b8fa5112ba9" testName="RollTest3d1Sub1d1" computerName="DANIAL-ASUS" duration="00:00:00.0003749" startTime="2014-07-02T14:52:12.8440824-05:00" endTime="2014-07-02T14:52:12.8560897-05:00" testType="13cdc9d9-ddb5-4fa4-a97d-d965ccfc6d4b" outcome="Passed" testListId="8c84fa94-04c1-424b-9868-57a2d4851a1d" relativeResultsDirectory="aef0bae4-672b-4ef6-a9bc-620ffc0c6e9b">
    </UnitTestResult>
    <UnitTestResult executionId="886e1f3c-0449-427a-8568-845c4909b331" testId="594f7b09-c534-fbe8-9d4a-1cba099beed5" testName="RollTest1d1Mul3" computerName="DANIAL-ASUS" duration="00:00:00.0003421" startTime="2014-07-02T14:52:12.8620944-05:00" endTime="2014-07-02T14:52:12.8761038-05:00" testType="13cdc9d9-ddb5-4fa4-a97d-d965ccfc6d4b" outcome="Passed" testListId="8c84fa94-04c1-424b-9868-57a2d4851a1d" relativeResultsDirectory="886e1f3c-0449-427a-8568-845c4909b331">
    </UnitTestResult>
    <UnitTestResult executionId="837dc5a5-1fa2-448e-bfb6-0df8b10a26d1" testId="749c9363-176f-3ec8-18aa-70765e5a0b66" testName="RollTest1d1Add1Sub1" computerName="DANIAL-ASUS" duration="00:00:00.0005843" startTime="2014-07-02T14:52:12.8811068-05:00" endTime="2014-07-02T14:52:12.9001205-05:00" testType="13cdc9d9-ddb5-4fa4-a97d-d965ccfc6d4b" outcome="Passed" testListId="8c84fa94-04c1-424b-9868-57a2d4851a1d" relativeResultsDirectory="837dc5a5-1fa2-448e-bfb6-0df8b10a26d1">
    </UnitTestResult>
    <UnitTestResult executionId="a8b9969a-750c-4d4e-b679-23bf5bf05552" testId="9f743059-7240-8918-bfad-bd23f3903cee" testName="RollTest1" computerName="DANIAL-ASUS" duration="00:00:00.0050570" startTime="2014-07-02T14:52:12.9061245-05:00" endTime="2014-07-02T14:52:12.9261371-05:00" testType="13cdc9d9-ddb5-4fa4-a97d-d965ccfc6d4b" outcome="Passed" testListId="8c84fa94-04c1-424b-9868-57a2d4851a1d" relativeResultsDirectory="a8b9969a-750c-4d4e-b679-23bf5bf05552">
    </UnitTestResult>
    <UnitTestResult executionId="ac0e265b-13d7-4017-a0cf-d5dbd6073a65" testId="a39910d9-a185-216a-6496-802afb0d62c8" testName="RollTest2d1Mul3d1" computerName="DANIAL-ASUS" duration="00:00:00.0890932" startTime="2014-07-02T14:52:12.9291395-05:00" endTime="2014-07-02T14:52:13.0412135-05:00" testType="13cdc9d9-ddb5-4fa4-a97d-d965ccfc6d4b" outcome="Passed" testListId="8c84fa94-04c1-424b-9868-57a2d4851a1d" relativeResultsDirectory="ac0e265b-13d7-4017-a0cf-d5dbd6073a65">
    </UnitTestResult>
    <UnitTestResult executionId="f9172cd0-4da8-4343-9e24-4a9459c5495e" testId="b10ebec1-2ac3-f1ca-ba26-6e1ad7d7075a" testName="RollTest1d1Sub1" computerName="DANIAL-ASUS" duration="00:00:00.0025131" startTime="2014-07-02T14:52:13.0462165-05:00" endTime="2014-07-02T14:52:13.0602272-05:00" testType="13cdc9d9-ddb5-4fa4-a97d-d965ccfc6d4b" outcome="Passed" testListId="8c84fa94-04c1-424b-9868-57a2d4851a1d" relativeResultsDirectory="f9172cd0-4da8-4343-9e24-4a9459c5495e">
    </UnitTestResult>
    <UnitTestResult executionId="555ddec7-2559-4f5b-82c7-c6f4dca6b923" testId="c45b81b6-2679-7675-5083-89585994de9d" testName="RollTest1d1Add1Add1" computerName="DANIAL-ASUS" duration="00:00:00.0022661" startTime="2014-07-02T14:52:13.0662298-05:00" endTime="2014-07-02T14:52:13.0892469-05:00" testType="13cdc9d9-ddb5-4fa4-a97d-d965ccfc6d4b" outcome="Passed" testListId="8c84fa94-04c1-424b-9868-57a2d4851a1d" relativeResultsDirectory="555ddec7-2559-4f5b-82c7-c6f4dca6b923">
    </UnitTestResult>
    <UnitTestResult executionId="66774d1f-5841-4849-bb3b-542c20324ea9" testId="d5c306b1-ba41-3ceb-a229-57b2f161b761" testName="RollTest1d1Add1" computerName="DANIAL-ASUS" duration="00:00:00.0032520" startTime="2014-07-02T14:52:13.0952495-05:00" endTime="2014-07-02T14:52:13.1112602-05:00" testType="13cdc9d9-ddb5-4fa4-a97d-d965ccfc6d4b" outcome="Passed" testListId="8c84fa94-04c1-424b-9868-57a2d4851a1d" relativeResultsDirectory="66774d1f-5841-4849-bb3b-542c20324ea9">
    </UnitTestResult>
    <UnitTestResult executionId="5ce16cf9-d091-43fe-a2ba-4d8fccd9c66b" testId="df1b4648-1710-c997-2724-7e108ca2e85b" testName="RollTest1d1Add3d1" computerName="DANIAL-ASUS" duration="00:00:00.0006363" startTime="2014-07-02T14:52:13.1142619-05:00" endTime="2014-07-02T14:52:13.1422812-05:00" testType="13cdc9d9-ddb5-4fa4-a97d-d965ccfc6d4b" outcome="Passed" testListId="8c84fa94-04c1-424b-9868-57a2d4851a1d" relativeResultsDirectory="5ce16cf9-d091-43fe-a2ba-4d8fccd9c66b">
    </UnitTestResult>
    <UnitTestResult executionId="fc3d1525-90bb-4675-9b48-6fdacfaa1d49" testId="f2c43a54-11e4-ccba-49c8-4a3ee377f3a1" testName="RollTest1d1Mul0" computerName="DANIAL-ASUS" duration="00:00:00.0028134" startTime="2014-07-02T14:52:13.1512869-05:00" endTime="2014-07-02T14:52:13.1713002-05:00" testType="13cdc9d9-ddb5-4fa4-a97d-d965ccfc6d4b" outcome="Passed" testListId="8c84fa94-04c1-424b-9868-57a2d4851a1d" relativeResultsDirectory="fc3d1525-90bb-4675-9b48-6fdacfaa1d49">
    </UnitTestResult>
  </Results>
</TestRun>